mode: set
github.com/json-iterator/go/extra/time_as_int64_codec.go:10.56,13.2 2 1
github.com/json-iterator/go/extra/time_as_int64_codec.go:19.84,22.2 2 1
github.com/json-iterator/go/extra/time_as_int64_codec.go:24.65,27.2 2 0
github.com/json-iterator/go/extra/time_as_int64_codec.go:28.84,31.2 2 1
github.com/json-iterator/go/extra/binary_as_string_codec.go:121.96,122.23 1 1
github.com/json-iterator/go/extra/binary_as_string_codec.go:125.2,125.12 1 1
github.com/json-iterator/go/extra/binary_as_string_codec.go:122.23,124.3 1 1
github.com/json-iterator/go/extra/binary_as_string_codec.go:128.96,129.23 1 1
github.com/json-iterator/go/extra/binary_as_string_codec.go:132.2,132.12 1 1
github.com/json-iterator/go/extra/binary_as_string_codec.go:129.23,131.3 1 1
github.com/json-iterator/go/extra/binary_as_string_codec.go:138.87,141.37 3 1
github.com/json-iterator/go/extra/binary_as_string_codec.go:161.2,161.25 1 1
github.com/json-iterator/go/extra/binary_as_string_codec.go:141.37,143.16 2 1
github.com/json-iterator/go/extra/binary_as_string_codec.go:159.3,159.27 1 1
github.com/json-iterator/go/extra/binary_as_string_codec.go:143.16,145.18 2 1
github.com/json-iterator/go/extra/binary_as_string_codec.go:149.4,150.17 2 1
github.com/json-iterator/go/extra/binary_as_string_codec.go:154.4,157.29 4 1
github.com/json-iterator/go/extra/binary_as_string_codec.go:145.18,148.5 2 0
github.com/json-iterator/go/extra/binary_as_string_codec.go:150.17,153.5 2 0
github.com/json-iterator/go/extra/binary_as_string_codec.go:163.68,165.2 1 0
github.com/json-iterator/go/extra/binary_as_string_codec.go:166.87,169.2 2 1
github.com/json-iterator/go/extra/binary_as_string_codec.go:171.57,173.28 2 1
github.com/json-iterator/go/extra/binary_as_string_codec.go:181.2,182.28 2 1
github.com/json-iterator/go/extra/binary_as_string_codec.go:190.2,190.12 1 1
github.com/json-iterator/go/extra/binary_as_string_codec.go:173.28,175.3 1 1
github.com/json-iterator/go/extra/binary_as_string_codec.go:175.8,175.35 1 0
github.com/json-iterator/go/extra/binary_as_string_codec.go:175.35,177.3 1 0
github.com/json-iterator/go/extra/binary_as_string_codec.go:177.8,180.3 2 0
github.com/json-iterator/go/extra/binary_as_string_codec.go:182.28,184.3 1 1
github.com/json-iterator/go/extra/binary_as_string_codec.go:184.8,184.35 1 0
github.com/json-iterator/go/extra/binary_as_string_codec.go:184.35,186.3 1 0
github.com/json-iterator/go/extra/binary_as_string_codec.go:186.8,189.3 2 0
github.com/json-iterator/go/extra/binary_as_string_codec.go:195.48,200.21 4 1
github.com/json-iterator/go/extra/binary_as_string_codec.go:207.2,207.19 1 1
github.com/json-iterator/go/extra/binary_as_string_codec.go:211.2,211.41 1 1
github.com/json-iterator/go/extra/binary_as_string_codec.go:200.21,201.38 1 1
github.com/json-iterator/go/extra/binary_as_string_codec.go:201.38,203.4 1 1
github.com/json-iterator/go/extra/binary_as_string_codec.go:203.9,204.9 1 1
github.com/json-iterator/go/extra/binary_as_string_codec.go:207.19,210.3 2 1
github.com/json-iterator/go/extra/binary_as_string_codec.go:214.56,219.21 4 1
github.com/json-iterator/go/extra/binary_as_string_codec.go:234.2,234.20 1 1
github.com/json-iterator/go/extra/binary_as_string_codec.go:237.2,237.27 1 1
github.com/json-iterator/go/extra/binary_as_string_codec.go:219.21,220.25 1 1
github.com/json-iterator/go/extra/binary_as_string_codec.go:225.3,225.17 1 1
github.com/json-iterator/go/extra/binary_as_string_codec.go:228.3,228.16 1 1
github.com/json-iterator/go/extra/binary_as_string_codec.go:231.3,232.16 2 1
github.com/json-iterator/go/extra/binary_as_string_codec.go:220.25,223.12 3 0
github.com/json-iterator/go/extra/binary_as_string_codec.go:225.17,226.12 1 0
github.com/json-iterator/go/extra/binary_as_string_codec.go:228.16,230.4 1 0
github.com/json-iterator/go/extra/binary_as_string_codec.go:234.20,236.3 1 0
github.com/json-iterator/go/extra/fuzzy_decoder.go:21.30,26.123 5 1
github.com/json-iterator/go/extra/fuzzy_decoder.go:38.2,38.124 1 1
github.com/json-iterator/go/extra/fuzzy_decoder.go:50.2,50.124 1 1
github.com/json-iterator/go/extra/fuzzy_decoder.go:62.2,62.125 1 1
github.com/json-iterator/go/extra/fuzzy_decoder.go:74.2,74.125 1 1
github.com/json-iterator/go/extra/fuzzy_decoder.go:86.2,86.126 1 1
github.com/json-iterator/go/extra/fuzzy_decoder.go:98.2,98.125 1 1
github.com/json-iterator/go/extra/fuzzy_decoder.go:110.2,110.126 1 1
github.com/json-iterator/go/extra/fuzzy_decoder.go:122.2,122.125 1 1
github.com/json-iterator/go/extra/fuzzy_decoder.go:134.2,134.126 1 1
github.com/json-iterator/go/extra/fuzzy_decoder.go:26.123,27.14 1 1
github.com/json-iterator/go/extra/fuzzy_decoder.go:27.14,29.54 2 1
github.com/json-iterator/go/extra/fuzzy_decoder.go:33.4,33.29 1 1
github.com/json-iterator/go/extra/fuzzy_decoder.go:29.54,32.5 2 1
github.com/json-iterator/go/extra/fuzzy_decoder.go:34.9,36.4 1 1
github.com/json-iterator/go/extra/fuzzy_decoder.go:38.124,39.14 1 1
github.com/json-iterator/go/extra/fuzzy_decoder.go:39.14,41.41 2 1
github.com/json-iterator/go/extra/fuzzy_decoder.go:45.4,45.31 1 1
github.com/json-iterator/go/extra/fuzzy_decoder.go:41.41,44.5 2 1
github.com/json-iterator/go/extra/fuzzy_decoder.go:46.9,48.4 1 1
github.com/json-iterator/go/extra/fuzzy_decoder.go:50.124,51.14 1 1
github.com/json-iterator/go/extra/fuzzy_decoder.go:51.14,53.66 2 1
github.com/json-iterator/go/extra/fuzzy_decoder.go:57.4,57.31 1 1
github.com/json-iterator/go/extra/fuzzy_decoder.go:53.66,56.5 2 1
github.com/json-iterator/go/extra/fuzzy_decoder.go:58.9,60.4 1 1
github.com/json-iterator/go/extra/fuzzy_decoder.go:62.125,63.14 1 1
github.com/json-iterator/go/extra/fuzzy_decoder.go:63.14,65.47 2 1
github.com/json-iterator/go/extra/fuzzy_decoder.go:69.4,69.33 1 1
github.com/json-iterator/go/extra/fuzzy_decoder.go:65.47,68.5 2 1
github.com/json-iterator/go/extra/fuzzy_decoder.go:70.9,72.4 1 1
github.com/json-iterator/go/extra/fuzzy_decoder.go:74.125,75.14 1 1
github.com/json-iterator/go/extra/fuzzy_decoder.go:75.14,77.68 2 1
github.com/json-iterator/go/extra/fuzzy_decoder.go:81.4,81.33 1 1
github.com/json-iterator/go/extra/fuzzy_decoder.go:77.68,80.5 2 1
github.com/json-iterator/go/extra/fuzzy_decoder.go:82.9,84.4 1 1
github.com/json-iterator/go/extra/fuzzy_decoder.go:86.126,87.14 1 1
github.com/json-iterator/go/extra/fuzzy_decoder.go:87.14,89.48 2 1
github.com/json-iterator/go/extra/fuzzy_decoder.go:93.4,93.35 1 1
github.com/json-iterator/go/extra/fuzzy_decoder.go:89.48,92.5 2 1
github.com/json-iterator/go/extra/fuzzy_decoder.go:94.9,96.4 1 1
github.com/json-iterator/go/extra/fuzzy_decoder.go:98.125,99.14 1 1
github.com/json-iterator/go/extra/fuzzy_decoder.go:99.14,101.68 2 1
github.com/json-iterator/go/extra/fuzzy_decoder.go:105.4,105.33 1 1
github.com/json-iterator/go/extra/fuzzy_decoder.go:101.68,104.5 2 1
github.com/json-iterator/go/extra/fuzzy_decoder.go:106.9,108.4 1 1
github.com/json-iterator/go/extra/fuzzy_decoder.go:110.126,111.14 1 1
github.com/json-iterator/go/extra/fuzzy_decoder.go:111.14,113.48 2 1
github.com/json-iterator/go/extra/fuzzy_decoder.go:117.4,117.35 1 1
github.com/json-iterator/go/extra/fuzzy_decoder.go:113.48,116.5 2 1
github.com/json-iterator/go/extra/fuzzy_decoder.go:118.9,120.4 1 1
github.com/json-iterator/go/extra/fuzzy_decoder.go:122.125,123.14 1 1
github.com/json-iterator/go/extra/fuzzy_decoder.go:123.14,125.68 2 1
github.com/json-iterator/go/extra/fuzzy_decoder.go:129.4,129.33 1 1
github.com/json-iterator/go/extra/fuzzy_decoder.go:125.68,128.5 2 1
github.com/json-iterator/go/extra/fuzzy_decoder.go:130.9,132.4 1 1
github.com/json-iterator/go/extra/fuzzy_decoder.go:134.126,135.14 1 1
github.com/json-iterator/go/extra/fuzzy_decoder.go:135.14,137.48 2 1
github.com/json-iterator/go/extra/fuzzy_decoder.go:141.4,141.35 1 1
github.com/json-iterator/go/extra/fuzzy_decoder.go:137.48,140.5 2 1
github.com/json-iterator/go/extra/fuzzy_decoder.go:142.9,144.4 1 1
github.com/json-iterator/go/extra/fuzzy_decoder.go:152.131,153.63 1 1
github.com/json-iterator/go/extra/fuzzy_decoder.go:156.2,156.16 1 1
github.com/json-iterator/go/extra/fuzzy_decoder.go:153.63,155.3 1 1
github.com/json-iterator/go/extra/fuzzy_decoder.go:163.95,164.46 1 1
github.com/json-iterator/go/extra/fuzzy_decoder.go:164.46,169.3 4 1
github.com/json-iterator/go/extra/fuzzy_decoder.go:169.8,171.3 1 1
github.com/json-iterator/go/extra/fuzzy_decoder.go:177.88,179.19 2 1
github.com/json-iterator/go/extra/fuzzy_decoder.go:180.28,183.37 3 1
github.com/json-iterator/go/extra/fuzzy_decoder.go:184.28,185.40 1 1
github.com/json-iterator/go/extra/fuzzy_decoder.go:186.25,188.25 2 1
github.com/json-iterator/go/extra/fuzzy_decoder.go:189.10,190.65 1 1
github.com/json-iterator/go/extra/fuzzy_decoder.go:198.89,201.19 3 1
github.com/json-iterator/go/extra/fuzzy_decoder.go:220.2,220.19 1 1
github.com/json-iterator/go/extra/fuzzy_decoder.go:223.2,227.53 5 1
github.com/json-iterator/go/extra/fuzzy_decoder.go:202.28,205.23 3 1
github.com/json-iterator/go/extra/fuzzy_decoder.go:206.28,207.26 1 1
github.com/json-iterator/go/extra/fuzzy_decoder.go:208.26,209.22 1 1
github.com/json-iterator/go/extra/fuzzy_decoder.go:214.25,216.12 2 1
github.com/json-iterator/go/extra/fuzzy_decoder.go:217.10,218.66 1 1
github.com/json-iterator/go/extra/fuzzy_decoder.go:209.22,211.4 1 1
github.com/json-iterator/go/extra/fuzzy_decoder.go:211.9,213.4 1 1
github.com/json-iterator/go/extra/fuzzy_decoder.go:220.19,222.3 1 1
github.com/json-iterator/go/extra/fuzzy_decoder.go:227.53,229.3 1 1
github.com/json-iterator/go/extra/fuzzy_decoder.go:235.89,238.19 3 1
github.com/json-iterator/go/extra/fuzzy_decoder.go:239.28,240.42 1 1
github.com/json-iterator/go/extra/fuzzy_decoder.go:241.28,246.54 5 1
github.com/json-iterator/go/extra/fuzzy_decoder.go:249.26,251.22 1 1
github.com/json-iterator/go/extra/fuzzy_decoder.go:256.25,258.25 2 1
github.com/json-iterator/go/extra/fuzzy_decoder.go:259.10,260.66 1 1
github.com/json-iterator/go/extra/fuzzy_decoder.go:246.54,248.4 1 0
github.com/json-iterator/go/extra/fuzzy_decoder.go:251.22,253.4 1 1
github.com/json-iterator/go/extra/fuzzy_decoder.go:253.9,255.4 1 1
github.com/json-iterator/go/extra/fuzzy_decoder.go:267.89,270.19 3 1
github.com/json-iterator/go/extra/fuzzy_decoder.go:271.28,272.42 1 1
github.com/json-iterator/go/extra/fuzzy_decoder.go:273.28,278.54 5 1
github.com/json-iterator/go/extra/fuzzy_decoder.go:281.26,283.22 1 1
github.com/json-iterator/go/extra/fuzzy_decoder.go:288.25,290.25 2 1
github.com/json-iterator/go/extra/fuzzy_decoder.go:291.10,292.66 1 1
github.com/json-iterator/go/extra/fuzzy_decoder.go:278.54,280.4 1 0
github.com/json-iterator/go/extra/fuzzy_decoder.go:283.22,285.4 1 1
github.com/json-iterator/go/extra/fuzzy_decoder.go:285.9,287.4 1 1
github.com/json-iterator/go/extra/naming_strategy.go:10.55,12.2 1 1
github.com/json-iterator/go/extra/naming_strategy.go:19.111,20.50 1 1
github.com/json-iterator/go/extra/naming_strategy.go:20.50,21.86 1 1
github.com/json-iterator/go/extra/naming_strategy.go:24.3,25.13 2 1
github.com/json-iterator/go/extra/naming_strategy.go:34.3,35.74 2 1
github.com/json-iterator/go/extra/naming_strategy.go:21.86,22.12 1 1
github.com/json-iterator/go/extra/naming_strategy.go:25.13,27.26 2 1
github.com/json-iterator/go/extra/naming_strategy.go:30.4,30.25 1 1
github.com/json-iterator/go/extra/naming_strategy.go:27.26,28.13 1 0
github.com/json-iterator/go/extra/naming_strategy.go:30.25,31.13 1 1
github.com/json-iterator/go/extra/naming_strategy.go:40.51,42.25 2 1
github.com/json-iterator/go/extra/naming_strategy.go:54.2,54.24 1 1
github.com/json-iterator/go/extra/naming_strategy.go:42.25,43.13 1 1
github.com/json-iterator/go/extra/naming_strategy.go:43.13,45.4 1 1
github.com/json-iterator/go/extra/naming_strategy.go:45.9,46.26 1 1
github.com/json-iterator/go/extra/naming_strategy.go:46.26,49.5 2 1
github.com/json-iterator/go/extra/naming_strategy.go:49.10,51.5 1 1
github.com/json-iterator/go/extra/privat_fields.go:10.29,12.2 1 1
github.com/json-iterator/go/extra/privat_fields.go:18.110,19.50 1 1
github.com/json-iterator/go/extra/privat_fields.go:19.50,21.16 2 1
github.com/json-iterator/go/extra/privat_fields.go:21.16,23.15 2 1
github.com/json-iterator/go/extra/privat_fields.go:28.4,31.27 4 0
github.com/json-iterator/go/extra/privat_fields.go:23.15,26.13 3 1
github.com/json-iterator/go/extra/privat_fields.go:36.102,38.21 1 0
github.com/json-iterator/go/extra/privat_fields.go:42.2,43.32 2 0
github.com/json-iterator/go/extra/privat_fields.go:49.2,50.19 2 0
github.com/json-iterator/go/extra/privat_fields.go:53.2,53.19 1 0
github.com/json-iterator/go/extra/privat_fields.go:38.21,40.3 1 0
github.com/json-iterator/go/extra/privat_fields.go:43.32,45.3 1 0
github.com/json-iterator/go/extra/privat_fields.go:45.8,47.3 1 0
github.com/json-iterator/go/extra/privat_fields.go:50.19,52.3 1 0
github.com/json-iterator/go/reflect_struct_decoder.go:12.62,15.50 3 1
github.com/json-iterator/go/reflect_struct_decoder.go:31.2,32.35 2 1
github.com/json-iterator/go/reflect_struct_decoder.go:36.2,36.26 1 1
github.com/json-iterator/go/reflect_struct_decoder.go:44.2,44.46 1 1
github.com/json-iterator/go/reflect_struct_decoder.go:15.50,16.46 1 1
github.com/json-iterator/go/reflect_struct_decoder.go:16.46,18.18 2 1
github.com/json-iterator/go/reflect_struct_decoder.go:22.4,23.17 2 0
github.com/json-iterator/go/reflect_struct_decoder.go:26.4,26.18 1 0
github.com/json-iterator/go/reflect_struct_decoder.go:18.18,20.13 2 1
github.com/json-iterator/go/reflect_struct_decoder.go:23.17,25.5 1 0
github.com/json-iterator/go/reflect_struct_decoder.go:26.18,28.5 1 0
github.com/json-iterator/go/reflect_struct_decoder.go:32.35,34.3 1 1
github.com/json-iterator/go/reflect_struct_decoder.go:36.26,37.36 1 1
github.com/json-iterator/go/reflect_struct_decoder.go:37.36,38.54 1 1
github.com/json-iterator/go/reflect_struct_decoder.go:38.54,40.5 1 1
github.com/json-iterator/go/reflect_struct_decoder.go:47.105,48.31 1 1
github.com/json-iterator/go/reflect_struct_decoder.go:51.2,55.21 2 1
github.com/json-iterator/go/reflect_struct_decoder.go:490.2,490.50 1 0
github.com/json-iterator/go/reflect_struct_decoder.go:48.31,50.3 1 0
github.com/json-iterator/go/reflect_struct_decoder.go:56.9,57.33 1 0
github.com/json-iterator/go/reflect_struct_decoder.go:58.9,59.47 1 0
github.com/json-iterator/go/reflect_struct_decoder.go:68.9,73.47 5 0
github.com/json-iterator/go/reflect_struct_decoder.go:88.3,88.92 1 0
github.com/json-iterator/go/reflect_struct_decoder.go:89.9,96.47 7 0
github.com/json-iterator/go/reflect_struct_decoder.go:114.3,117.30 1 0
github.com/json-iterator/go/reflect_struct_decoder.go:118.9,127.47 9 1
github.com/json-iterator/go/reflect_struct_decoder.go:148.3,152.30 1 0
github.com/json-iterator/go/reflect_struct_decoder.go:153.9,164.47 11 0
github.com/json-iterator/go/reflect_struct_decoder.go:188.3,193.30 1 0
github.com/json-iterator/go/reflect_struct_decoder.go:194.9,207.47 13 0
github.com/json-iterator/go/reflect_struct_decoder.go:234.3,240.30 1 0
github.com/json-iterator/go/reflect_struct_decoder.go:241.9,256.47 15 0
github.com/json-iterator/go/reflect_struct_decoder.go:286.3,293.30 1 0
github.com/json-iterator/go/reflect_struct_decoder.go:294.9,311.47 17 0
github.com/json-iterator/go/reflect_struct_decoder.go:344.3,352.30 1 0
github.com/json-iterator/go/reflect_struct_decoder.go:353.9,372.47 19 0
github.com/json-iterator/go/reflect_struct_decoder.go:408.3,417.30 1 0
github.com/json-iterator/go/reflect_struct_decoder.go:418.10,439.47 21 0
github.com/json-iterator/go/reflect_struct_decoder.go:478.3,488.32 1 0
github.com/json-iterator/go/reflect_struct_decoder.go:59.47,62.13 3 0
github.com/json-iterator/go/reflect_struct_decoder.go:65.4,66.63 2 0
github.com/json-iterator/go/reflect_struct_decoder.go:62.13,64.5 1 0
github.com/json-iterator/go/reflect_struct_decoder.go:73.47,76.13 3 0
github.com/json-iterator/go/reflect_struct_decoder.go:79.4,80.23 2 0
github.com/json-iterator/go/reflect_struct_decoder.go:76.13,78.5 1 0
github.com/json-iterator/go/reflect_struct_decoder.go:80.23,83.5 2 0
github.com/json-iterator/go/reflect_struct_decoder.go:83.10,86.5 2 0
github.com/json-iterator/go/reflect_struct_decoder.go:96.47,99.13 3 0
github.com/json-iterator/go/reflect_struct_decoder.go:102.4,103.23 2 0
github.com/json-iterator/go/reflect_struct_decoder.go:99.13,101.5 1 0
github.com/json-iterator/go/reflect_struct_decoder.go:103.23,106.5 2 0
github.com/json-iterator/go/reflect_struct_decoder.go:106.10,106.30 1 0
github.com/json-iterator/go/reflect_struct_decoder.go:106.30,109.5 2 0
github.com/json-iterator/go/reflect_struct_decoder.go:109.10,112.5 2 0
github.com/json-iterator/go/reflect_struct_decoder.go:127.47,130.13 3 1
github.com/json-iterator/go/reflect_struct_decoder.go:133.4,134.23 2 1
github.com/json-iterator/go/reflect_struct_decoder.go:130.13,132.5 1 1
github.com/json-iterator/go/reflect_struct_decoder.go:134.23,137.5 2 1
github.com/json-iterator/go/reflect_struct_decoder.go:137.10,137.30 1 1
github.com/json-iterator/go/reflect_struct_decoder.go:137.30,140.5 2 1
github.com/json-iterator/go/reflect_struct_decoder.go:140.10,140.30 1 0
github.com/json-iterator/go/reflect_struct_decoder.go:140.30,143.5 2 0
github.com/json-iterator/go/reflect_struct_decoder.go:143.10,146.5 2 0
github.com/json-iterator/go/reflect_struct_decoder.go:164.47,167.13 3 0
github.com/json-iterator/go/reflect_struct_decoder.go:170.4,171.23 2 0
github.com/json-iterator/go/reflect_struct_decoder.go:167.13,169.5 1 0
github.com/json-iterator/go/reflect_struct_decoder.go:171.23,174.5 2 0
github.com/json-iterator/go/reflect_struct_decoder.go:174.10,174.30 1 0
github.com/json-iterator/go/reflect_struct_decoder.go:174.30,177.5 2 0
github.com/json-iterator/go/reflect_struct_decoder.go:177.10,177.30 1 0
github.com/json-iterator/go/reflect_struct_decoder.go:177.30,180.5 2 0
github.com/json-iterator/go/reflect_struct_decoder.go:180.10,180.30 1 0
github.com/json-iterator/go/reflect_struct_decoder.go:180.30,183.5 2 0
github.com/json-iterator/go/reflect_struct_decoder.go:183.10,186.5 2 0
github.com/json-iterator/go/reflect_struct_decoder.go:207.47,210.13 3 0
github.com/json-iterator/go/reflect_struct_decoder.go:213.4,214.23 2 0
github.com/json-iterator/go/reflect_struct_decoder.go:210.13,212.5 1 0
github.com/json-iterator/go/reflect_struct_decoder.go:214.23,217.5 2 0
github.com/json-iterator/go/reflect_struct_decoder.go:217.10,217.30 1 0
github.com/json-iterator/go/reflect_struct_decoder.go:217.30,220.5 2 0
github.com/json-iterator/go/reflect_struct_decoder.go:220.10,220.30 1 0
github.com/json-iterator/go/reflect_struct_decoder.go:220.30,223.5 2 0
github.com/json-iterator/go/reflect_struct_decoder.go:223.10,223.30 1 0
github.com/json-iterator/go/reflect_struct_decoder.go:223.30,226.5 2 0
github.com/json-iterator/go/reflect_struct_decoder.go:226.10,226.30 1 0
github.com/json-iterator/go/reflect_struct_decoder.go:226.30,229.5 2 0
github.com/json-iterator/go/reflect_struct_decoder.go:229.10,232.5 2 0
github.com/json-iterator/go/reflect_struct_decoder.go:256.47,259.13 3 0
github.com/json-iterator/go/reflect_struct_decoder.go:262.4,263.23 2 0
github.com/json-iterator/go/reflect_struct_decoder.go:259.13,261.5 1 0
github.com/json-iterator/go/reflect_struct_decoder.go:263.23,266.5 2 0
github.com/json-iterator/go/reflect_struct_decoder.go:266.10,266.30 1 0
github.com/json-iterator/go/reflect_struct_decoder.go:266.30,269.5 2 0
github.com/json-iterator/go/reflect_struct_decoder.go:269.10,269.30 1 0
github.com/json-iterator/go/reflect_struct_decoder.go:269.30,272.5 2 0
github.com/json-iterator/go/reflect_struct_decoder.go:272.10,272.30 1 0
github.com/json-iterator/go/reflect_struct_decoder.go:272.30,275.5 2 0
github.com/json-iterator/go/reflect_struct_decoder.go:275.10,275.30 1 0
github.com/json-iterator/go/reflect_struct_decoder.go:275.30,278.5 2 0
github.com/json-iterator/go/reflect_struct_decoder.go:278.10,278.30 1 0
github.com/json-iterator/go/reflect_struct_decoder.go:278.30,281.5 2 0
github.com/json-iterator/go/reflect_struct_decoder.go:281.10,284.5 2 0
github.com/json-iterator/go/reflect_struct_decoder.go:311.47,314.13 3 0
github.com/json-iterator/go/reflect_struct_decoder.go:317.4,318.23 2 0
github.com/json-iterator/go/reflect_struct_decoder.go:314.13,316.5 1 0
github.com/json-iterator/go/reflect_struct_decoder.go:318.23,321.5 2 0
github.com/json-iterator/go/reflect_struct_decoder.go:321.10,321.30 1 0
github.com/json-iterator/go/reflect_struct_decoder.go:321.30,324.5 2 0
github.com/json-iterator/go/reflect_struct_decoder.go:324.10,324.30 1 0
github.com/json-iterator/go/reflect_struct_decoder.go:324.30,327.5 2 0
github.com/json-iterator/go/reflect_struct_decoder.go:327.10,327.30 1 0
github.com/json-iterator/go/reflect_struct_decoder.go:327.30,330.5 2 0
github.com/json-iterator/go/reflect_struct_decoder.go:330.10,330.30 1 0
github.com/json-iterator/go/reflect_struct_decoder.go:330.30,333.5 2 0
github.com/json-iterator/go/reflect_struct_decoder.go:333.10,333.30 1 0
github.com/json-iterator/go/reflect_struct_decoder.go:333.30,336.5 2 0
github.com/json-iterator/go/reflect_struct_decoder.go:336.10,336.30 1 0
github.com/json-iterator/go/reflect_struct_decoder.go:336.30,339.5 2 0
github.com/json-iterator/go/reflect_struct_decoder.go:339.10,342.5 2 0
github.com/json-iterator/go/reflect_struct_decoder.go:372.47,375.13 3 0
github.com/json-iterator/go/reflect_struct_decoder.go:378.4,379.23 2 0
github.com/json-iterator/go/reflect_struct_decoder.go:375.13,377.5 1 0
github.com/json-iterator/go/reflect_struct_decoder.go:379.23,382.5 2 0
github.com/json-iterator/go/reflect_struct_decoder.go:382.10,382.30 1 0
github.com/json-iterator/go/reflect_struct_decoder.go:382.30,385.5 2 0
github.com/json-iterator/go/reflect_struct_decoder.go:385.10,385.30 1 0
github.com/json-iterator/go/reflect_struct_decoder.go:385.30,388.5 2 0
github.com/json-iterator/go/reflect_struct_decoder.go:388.10,388.30 1 0
github.com/json-iterator/go/reflect_struct_decoder.go:388.30,391.5 2 0
github.com/json-iterator/go/reflect_struct_decoder.go:391.10,391.30 1 0
github.com/json-iterator/go/reflect_struct_decoder.go:391.30,394.5 2 0
github.com/json-iterator/go/reflect_struct_decoder.go:394.10,394.30 1 0
github.com/json-iterator/go/reflect_struct_decoder.go:394.30,397.5 2 0
github.com/json-iterator/go/reflect_struct_decoder.go:397.10,397.30 1 0
github.com/json-iterator/go/reflect_struct_decoder.go:397.30,400.5 2 0
github.com/json-iterator/go/reflect_struct_decoder.go:400.10,400.30 1 0
github.com/json-iterator/go/reflect_struct_decoder.go:400.30,403.5 2 0
github.com/json-iterator/go/reflect_struct_decoder.go:403.10,406.5 2 0
github.com/json-iterator/go/reflect_struct_decoder.go:439.47,442.13 3 0
github.com/json-iterator/go/reflect_struct_decoder.go:445.4,446.23 2 0
github.com/json-iterator/go/reflect_struct_decoder.go:442.13,444.5 1 0
github.com/json-iterator/go/reflect_struct_decoder.go:446.23,449.5 2 0
github.com/json-iterator/go/reflect_struct_decoder.go:449.10,449.30 1 0
github.com/json-iterator/go/reflect_struct_decoder.go:449.30,452.5 2 0
github.com/json-iterator/go/reflect_struct_decoder.go:452.10,452.30 1 0
github.com/json-iterator/go/reflect_struct_decoder.go:452.30,455.5 2 0
github.com/json-iterator/go/reflect_struct_decoder.go:455.10,455.30 1 0
github.com/json-iterator/go/reflect_struct_decoder.go:455.30,458.5 2 0
github.com/json-iterator/go/reflect_struct_decoder.go:458.10,458.30 1 0
github.com/json-iterator/go/reflect_struct_decoder.go:458.30,461.5 2 0
github.com/json-iterator/go/reflect_struct_decoder.go:461.10,461.30 1 0
github.com/json-iterator/go/reflect_struct_decoder.go:461.30,464.5 2 0
github.com/json-iterator/go/reflect_struct_decoder.go:464.10,464.30 1 0
github.com/json-iterator/go/reflect_struct_decoder.go:464.30,467.5 2 0
github.com/json-iterator/go/reflect_struct_decoder.go:467.10,467.30 1 0
github.com/json-iterator/go/reflect_struct_decoder.go:467.30,470.5 2 0
github.com/json-iterator/go/reflect_struct_decoder.go:470.10,470.30 1 0
github.com/json-iterator/go/reflect_struct_decoder.go:470.30,473.5 2 0
github.com/json-iterator/go/reflect_struct_decoder.go:473.10,476.5 2 0
github.com/json-iterator/go/reflect_struct_decoder.go:499.81,500.29 1 1
github.com/json-iterator/go/reflect_struct_decoder.go:503.2,503.28 1 1
github.com/json-iterator/go/reflect_struct_decoder.go:506.2,507.46 2 1
github.com/json-iterator/go/reflect_struct_decoder.go:510.2,510.87 1 1
github.com/json-iterator/go/reflect_struct_decoder.go:513.2,513.14 1 1
github.com/json-iterator/go/reflect_struct_decoder.go:516.2,516.23 1 1
github.com/json-iterator/go/reflect_struct_decoder.go:500.29,502.3 1 0
github.com/json-iterator/go/reflect_struct_decoder.go:503.28,505.3 1 0
github.com/json-iterator/go/reflect_struct_decoder.go:507.46,509.3 1 1
github.com/json-iterator/go/reflect_struct_decoder.go:510.87,512.3 1 0
github.com/json-iterator/go/reflect_struct_decoder.go:513.14,515.3 1 0
github.com/json-iterator/go/reflect_struct_decoder.go:519.89,522.44 3 1
github.com/json-iterator/go/reflect_struct_decoder.go:536.2,536.25 1 1
github.com/json-iterator/go/reflect_struct_decoder.go:548.2,549.14 2 1
github.com/json-iterator/go/reflect_struct_decoder.go:552.2,552.32 1 1
github.com/json-iterator/go/reflect_struct_decoder.go:522.44,526.53 4 1
github.com/json-iterator/go/reflect_struct_decoder.go:526.53,528.4 1 0
github.com/json-iterator/go/reflect_struct_decoder.go:529.8,532.53 3 1
github.com/json-iterator/go/reflect_struct_decoder.go:532.53,534.4 1 0
github.com/json-iterator/go/reflect_struct_decoder.go:536.25,537.36 1 0
github.com/json-iterator/go/reflect_struct_decoder.go:541.3,542.15 2 0
github.com/json-iterator/go/reflect_struct_decoder.go:545.3,546.9 2 0
github.com/json-iterator/go/reflect_struct_decoder.go:537.36,540.4 2 0
github.com/json-iterator/go/reflect_struct_decoder.go:542.15,544.4 1 0
github.com/json-iterator/go/reflect_struct_decoder.go:549.14,551.3 1 0
github.com/json-iterator/go/reflect_struct_decoder.go:559.78,561.55 2 0
github.com/json-iterator/go/reflect_struct_decoder.go:565.2,565.13 1 0
github.com/json-iterator/go/reflect_struct_decoder.go:561.55,564.3 2 0
github.com/json-iterator/go/reflect_struct_decoder.go:574.82,575.29 1 0
github.com/json-iterator/go/reflect_struct_decoder.go:578.2,578.28 1 0
github.com/json-iterator/go/reflect_struct_decoder.go:581.2,581.6 1 0
github.com/json-iterator/go/reflect_struct_decoder.go:591.2,591.87 1 0
github.com/json-iterator/go/reflect_struct_decoder.go:594.2,594.23 1 0
github.com/json-iterator/go/reflect_struct_decoder.go:575.29,577.3 1 0
github.com/json-iterator/go/reflect_struct_decoder.go:578.28,580.3 1 0
github.com/json-iterator/go/reflect_struct_decoder.go:581.6,582.48 1 0
github.com/json-iterator/go/reflect_struct_decoder.go:587.3,587.25 1 0
github.com/json-iterator/go/reflect_struct_decoder.go:582.48,584.4 1 0
github.com/json-iterator/go/reflect_struct_decoder.go:584.9,586.4 1 0
github.com/json-iterator/go/reflect_struct_decoder.go:587.25,588.9 1 0
github.com/json-iterator/go/reflect_struct_decoder.go:591.87,593.3 1 0
github.com/json-iterator/go/reflect_struct_decoder.go:605.83,606.29 1 0
github.com/json-iterator/go/reflect_struct_decoder.go:609.2,609.28 1 0
github.com/json-iterator/go/reflect_struct_decoder.go:612.2,612.6 1 0
github.com/json-iterator/go/reflect_struct_decoder.go:625.2,625.87 1 0
github.com/json-iterator/go/reflect_struct_decoder.go:628.2,628.23 1 0
github.com/json-iterator/go/reflect_struct_decoder.go:606.29,608.3 1 0
github.com/json-iterator/go/reflect_struct_decoder.go:609.28,611.3 1 0
github.com/json-iterator/go/reflect_struct_decoder.go:612.6,613.31 1 0
github.com/json-iterator/go/reflect_struct_decoder.go:621.3,621.25 1 0
github.com/json-iterator/go/reflect_struct_decoder.go:614.27,615.43 1 0
github.com/json-iterator/go/reflect_struct_decoder.go:616.27,617.43 1 0
github.com/json-iterator/go/reflect_struct_decoder.go:618.11,619.15 1 0
github.com/json-iterator/go/reflect_struct_decoder.go:621.25,622.9 1 0
github.com/json-iterator/go/reflect_struct_decoder.go:625.87,627.3 1 0
github.com/json-iterator/go/reflect_struct_decoder.go:641.85,642.29 1 0
github.com/json-iterator/go/reflect_struct_decoder.go:645.2,645.28 1 0
github.com/json-iterator/go/reflect_struct_decoder.go:648.2,648.6 1 0
github.com/json-iterator/go/reflect_struct_decoder.go:663.2,663.87 1 0
github.com/json-iterator/go/reflect_struct_decoder.go:666.2,666.23 1 0
github.com/json-iterator/go/reflect_struct_decoder.go:642.29,644.3 1 0
github.com/json-iterator/go/reflect_struct_decoder.go:645.28,647.3 1 0
github.com/json-iterator/go/reflect_struct_decoder.go:648.6,649.31 1 0
github.com/json-iterator/go/reflect_struct_decoder.go:659.3,659.25 1 0
github.com/json-iterator/go/reflect_struct_decoder.go:650.27,651.43 1 0
github.com/json-iterator/go/reflect_struct_decoder.go:652.27,653.43 1 0
github.com/json-iterator/go/reflect_struct_decoder.go:654.27,655.43 1 0
github.com/json-iterator/go/reflect_struct_decoder.go:656.11,657.15 1 0
github.com/json-iterator/go/reflect_struct_decoder.go:659.25,660.9 1 0
github.com/json-iterator/go/reflect_struct_decoder.go:663.87,665.3 1 0
github.com/json-iterator/go/reflect_struct_decoder.go:681.84,682.29 1 0
github.com/json-iterator/go/reflect_struct_decoder.go:685.2,685.28 1 0
github.com/json-iterator/go/reflect_struct_decoder.go:688.2,688.6 1 0
github.com/json-iterator/go/reflect_struct_decoder.go:705.2,705.87 1 0
github.com/json-iterator/go/reflect_struct_decoder.go:708.2,708.23 1 0
github.com/json-iterator/go/reflect_struct_decoder.go:682.29,684.3 1 0
github.com/json-iterator/go/reflect_struct_decoder.go:685.28,687.3 1 0
github.com/json-iterator/go/reflect_struct_decoder.go:688.6,689.31 1 0
github.com/json-iterator/go/reflect_struct_decoder.go:701.3,701.25 1 0
github.com/json-iterator/go/reflect_struct_decoder.go:690.27,691.43 1 0
github.com/json-iterator/go/reflect_struct_decoder.go:692.27,693.43 1 0
github.com/json-iterator/go/reflect_struct_decoder.go:694.27,695.43 1 0
github.com/json-iterator/go/reflect_struct_decoder.go:696.27,697.43 1 0
github.com/json-iterator/go/reflect_struct_decoder.go:698.11,699.15 1 0
github.com/json-iterator/go/reflect_struct_decoder.go:701.25,702.9 1 0
github.com/json-iterator/go/reflect_struct_decoder.go:705.87,707.3 1 0
github.com/json-iterator/go/reflect_struct_decoder.go:725.84,726.29 1 0
github.com/json-iterator/go/reflect_struct_decoder.go:729.2,729.28 1 0
github.com/json-iterator/go/reflect_struct_decoder.go:732.2,732.6 1 0
github.com/json-iterator/go/reflect_struct_decoder.go:751.2,751.87 1 0
github.com/json-iterator/go/reflect_struct_decoder.go:754.2,754.23 1 0
github.com/json-iterator/go/reflect_struct_decoder.go:726.29,728.3 1 0
github.com/json-iterator/go/reflect_struct_decoder.go:729.28,731.3 1 0
github.com/json-iterator/go/reflect_struct_decoder.go:732.6,733.31 1 0
github.com/json-iterator/go/reflect_struct_decoder.go:747.3,747.25 1 0
github.com/json-iterator/go/reflect_struct_decoder.go:734.27,735.43 1 0
github.com/json-iterator/go/reflect_struct_decoder.go:736.27,737.43 1 0
github.com/json-iterator/go/reflect_struct_decoder.go:738.27,739.43 1 0
github.com/json-iterator/go/reflect_struct_decoder.go:740.27,741.43 1 0
github.com/json-iterator/go/reflect_struct_decoder.go:742.27,743.43 1 0
github.com/json-iterator/go/reflect_struct_decoder.go:744.11,745.15 1 0
github.com/json-iterator/go/reflect_struct_decoder.go:747.25,748.9 1 0
github.com/json-iterator/go/reflect_struct_decoder.go:751.87,753.3 1 0
github.com/json-iterator/go/reflect_struct_decoder.go:773.83,774.29 1 0
github.com/json-iterator/go/reflect_struct_decoder.go:777.2,777.28 1 0
github.com/json-iterator/go/reflect_struct_decoder.go:780.2,780.6 1 0
github.com/json-iterator/go/reflect_struct_decoder.go:801.2,801.87 1 0
github.com/json-iterator/go/reflect_struct_decoder.go:804.2,804.23 1 0
github.com/json-iterator/go/reflect_struct_decoder.go:774.29,776.3 1 0
github.com/json-iterator/go/reflect_struct_decoder.go:777.28,779.3 1 0
github.com/json-iterator/go/reflect_struct_decoder.go:780.6,781.31 1 0
github.com/json-iterator/go/reflect_struct_decoder.go:797.3,797.25 1 0
github.com/json-iterator/go/reflect_struct_decoder.go:782.27,783.43 1 0
github.com/json-iterator/go/reflect_struct_decoder.go:784.27,785.43 1 0
github.com/json-iterator/go/reflect_struct_decoder.go:786.27,787.43 1 0
github.com/json-iterator/go/reflect_struct_decoder.go:788.27,789.43 1 0
github.com/json-iterator/go/reflect_struct_decoder.go:790.27,791.43 1 0
github.com/json-iterator/go/reflect_struct_decoder.go:792.27,793.43 1 0
github.com/json-iterator/go/reflect_struct_decoder.go:794.11,795.15 1 0
github.com/json-iterator/go/reflect_struct_decoder.go:797.25,798.9 1 0
github.com/json-iterator/go/reflect_struct_decoder.go:801.87,803.3 1 0
github.com/json-iterator/go/reflect_struct_decoder.go:825.85,826.29 1 0
github.com/json-iterator/go/reflect_struct_decoder.go:829.2,829.28 1 0
github.com/json-iterator/go/reflect_struct_decoder.go:832.2,832.6 1 0
github.com/json-iterator/go/reflect_struct_decoder.go:855.2,855.87 1 0
github.com/json-iterator/go/reflect_struct_decoder.go:858.2,858.23 1 0
github.com/json-iterator/go/reflect_struct_decoder.go:826.29,828.3 1 0
github.com/json-iterator/go/reflect_struct_decoder.go:829.28,831.3 1 0
github.com/json-iterator/go/reflect_struct_decoder.go:832.6,833.31 1 0
github.com/json-iterator/go/reflect_struct_decoder.go:851.3,851.25 1 0
github.com/json-iterator/go/reflect_struct_decoder.go:834.27,835.43 1 0
github.com/json-iterator/go/reflect_struct_decoder.go:836.27,837.43 1 0
github.com/json-iterator/go/reflect_struct_decoder.go:838.27,839.43 1 0
github.com/json-iterator/go/reflect_struct_decoder.go:840.27,841.43 1 0
github.com/json-iterator/go/reflect_struct_decoder.go:842.27,843.43 1 0
github.com/json-iterator/go/reflect_struct_decoder.go:844.27,845.43 1 0
github.com/json-iterator/go/reflect_struct_decoder.go:846.27,847.43 1 0
github.com/json-iterator/go/reflect_struct_decoder.go:848.11,849.15 1 0
github.com/json-iterator/go/reflect_struct_decoder.go:851.25,852.9 1 0
github.com/json-iterator/go/reflect_struct_decoder.go:855.87,857.3 1 0
github.com/json-iterator/go/reflect_struct_decoder.go:881.85,882.29 1 0
github.com/json-iterator/go/reflect_struct_decoder.go:885.2,885.28 1 0
github.com/json-iterator/go/reflect_struct_decoder.go:888.2,888.6 1 0
github.com/json-iterator/go/reflect_struct_decoder.go:913.2,913.87 1 0
github.com/json-iterator/go/reflect_struct_decoder.go:916.2,916.23 1 0
github.com/json-iterator/go/reflect_struct_decoder.go:882.29,884.3 1 0
github.com/json-iterator/go/reflect_struct_decoder.go:885.28,887.3 1 0
github.com/json-iterator/go/reflect_struct_decoder.go:888.6,889.31 1 0
github.com/json-iterator/go/reflect_struct_decoder.go:909.3,909.25 1 0
github.com/json-iterator/go/reflect_struct_decoder.go:890.27,891.43 1 0
github.com/json-iterator/go/reflect_struct_decoder.go:892.27,893.43 1 0
github.com/json-iterator/go/reflect_struct_decoder.go:894.27,895.43 1 0
github.com/json-iterator/go/reflect_struct_decoder.go:896.27,897.43 1 0
github.com/json-iterator/go/reflect_struct_decoder.go:898.27,899.43 1 0
github.com/json-iterator/go/reflect_struct_decoder.go:900.27,901.43 1 0
github.com/json-iterator/go/reflect_struct_decoder.go:902.27,903.43 1 0
github.com/json-iterator/go/reflect_struct_decoder.go:904.27,905.43 1 0
github.com/json-iterator/go/reflect_struct_decoder.go:906.11,907.15 1 0
github.com/json-iterator/go/reflect_struct_decoder.go:909.25,910.9 1 0
github.com/json-iterator/go/reflect_struct_decoder.go:913.87,915.3 1 0
github.com/json-iterator/go/reflect_struct_decoder.go:941.84,942.29 1 0
github.com/json-iterator/go/reflect_struct_decoder.go:945.2,945.28 1 0
github.com/json-iterator/go/reflect_struct_decoder.go:948.2,948.6 1 0
github.com/json-iterator/go/reflect_struct_decoder.go:975.2,975.87 1 0
github.com/json-iterator/go/reflect_struct_decoder.go:978.2,978.23 1 0
github.com/json-iterator/go/reflect_struct_decoder.go:942.29,944.3 1 0
github.com/json-iterator/go/reflect_struct_decoder.go:945.28,947.3 1 0
github.com/json-iterator/go/reflect_struct_decoder.go:948.6,949.31 1 0
github.com/json-iterator/go/reflect_struct_decoder.go:971.3,971.25 1 0
github.com/json-iterator/go/reflect_struct_decoder.go:950.27,951.43 1 0
github.com/json-iterator/go/reflect_struct_decoder.go:952.27,953.43 1 0
github.com/json-iterator/go/reflect_struct_decoder.go:954.27,955.43 1 0
github.com/json-iterator/go/reflect_struct_decoder.go:956.27,957.43 1 0
github.com/json-iterator/go/reflect_struct_decoder.go:958.27,959.43 1 0
github.com/json-iterator/go/reflect_struct_decoder.go:960.27,961.43 1 0
github.com/json-iterator/go/reflect_struct_decoder.go:962.27,963.43 1 0
github.com/json-iterator/go/reflect_struct_decoder.go:964.27,965.43 1 0
github.com/json-iterator/go/reflect_struct_decoder.go:966.27,967.43 1 0
github.com/json-iterator/go/reflect_struct_decoder.go:968.11,969.15 1 0
github.com/json-iterator/go/reflect_struct_decoder.go:971.25,972.9 1 0
github.com/json-iterator/go/reflect_struct_decoder.go:975.87,977.3 1 0
github.com/json-iterator/go/reflect_struct_decoder.go:1005.83,1006.29 1 0
github.com/json-iterator/go/reflect_struct_decoder.go:1009.2,1009.28 1 0
github.com/json-iterator/go/reflect_struct_decoder.go:1012.2,1012.6 1 0
github.com/json-iterator/go/reflect_struct_decoder.go:1041.2,1041.87 1 0
github.com/json-iterator/go/reflect_struct_decoder.go:1044.2,1044.23 1 0
github.com/json-iterator/go/reflect_struct_decoder.go:1006.29,1008.3 1 0
github.com/json-iterator/go/reflect_struct_decoder.go:1009.28,1011.3 1 0
github.com/json-iterator/go/reflect_struct_decoder.go:1012.6,1013.31 1 0
github.com/json-iterator/go/reflect_struct_decoder.go:1037.3,1037.25 1 0
github.com/json-iterator/go/reflect_struct_decoder.go:1014.27,1015.43 1 0
github.com/json-iterator/go/reflect_struct_decoder.go:1016.27,1017.43 1 0
github.com/json-iterator/go/reflect_struct_decoder.go:1018.27,1019.43 1 0
github.com/json-iterator/go/reflect_struct_decoder.go:1020.27,1021.43 1 0
github.com/json-iterator/go/reflect_struct_decoder.go:1022.27,1023.43 1 0
github.com/json-iterator/go/reflect_struct_decoder.go:1024.27,1025.43 1 0
github.com/json-iterator/go/reflect_struct_decoder.go:1026.27,1027.43 1 0
github.com/json-iterator/go/reflect_struct_decoder.go:1028.27,1029.43 1 0
github.com/json-iterator/go/reflect_struct_decoder.go:1030.27,1031.43 1 0
github.com/json-iterator/go/reflect_struct_decoder.go:1032.28,1033.44 1 0
github.com/json-iterator/go/reflect_struct_decoder.go:1034.11,1035.15 1 0
github.com/json-iterator/go/reflect_struct_decoder.go:1037.25,1038.9 1 0
github.com/json-iterator/go/reflect_struct_decoder.go:1041.87,1043.3 1 0
github.com/json-iterator/go/reflect_struct_decoder.go:1052.79,1055.47 3 1
github.com/json-iterator/go/reflect_struct_decoder.go:1055.47,1057.3 1 0
github.com/json-iterator/go/reflect_struct_decoder.go:1065.84,1071.2 5 0
github.com/json-iterator/go/reflect_struct_decoder.go:1077.84,1078.35 1 0
github.com/json-iterator/go/reflect_struct_decoder.go:1083.2,1084.14 2 0
github.com/json-iterator/go/reflect_struct_decoder.go:1088.2,1089.23 2 0
github.com/json-iterator/go/reflect_struct_decoder.go:1092.2,1093.14 2 0
github.com/json-iterator/go/reflect_struct_decoder.go:1078.35,1081.3 2 0
github.com/json-iterator/go/reflect_struct_decoder.go:1084.14,1087.3 2 0
github.com/json-iterator/go/reflect_struct_decoder.go:1089.23,1091.3 1 0
github.com/json-iterator/go/reflect_struct_decoder.go:1093.14,1096.3 2 0
github.com/json-iterator/go/iter.go:32.13,34.38 2 1
github.com/json-iterator/go/iter.go:37.2,37.30 1 1
github.com/json-iterator/go/iter.go:40.2,40.30 1 1
github.com/json-iterator/go/iter.go:43.2,43.30 1 1
github.com/json-iterator/go/iter.go:46.2,47.39 2 1
github.com/json-iterator/go/iter.go:50.2,66.31 17 1
github.com/json-iterator/go/iter.go:34.38,36.3 1 1
github.com/json-iterator/go/iter.go:37.30,39.3 1 1
github.com/json-iterator/go/iter.go:40.30,42.3 1 1
github.com/json-iterator/go/iter.go:43.30,45.3 1 1
github.com/json-iterator/go/iter.go:47.39,49.3 1 1
github.com/json-iterator/go/iter.go:85.37,94.2 1 1
github.com/json-iterator/go/iter.go:97.62,106.2 1 0
github.com/json-iterator/go/iter.go:109.50,118.2 1 0
github.com/json-iterator/go/iter.go:121.51,123.2 1 0
github.com/json-iterator/go/iter.go:126.43,128.2 1 0
github.com/json-iterator/go/iter.go:131.57,137.2 5 0
github.com/json-iterator/go/iter.go:140.58,147.2 6 1
github.com/json-iterator/go/iter.go:150.46,154.2 3 0
github.com/json-iterator/go/iter.go:156.61,157.41 1 0
github.com/json-iterator/go/iter.go:166.2,166.13 1 0
github.com/json-iterator/go/iter.go:157.41,159.12 2 0
github.com/json-iterator/go/iter.go:163.3,164.15 2 0
github.com/json-iterator/go/iter.go:160.30,161.12 1 0
github.com/json-iterator/go/iter.go:169.42,171.14 2 0
github.com/json-iterator/go/iter.go:174.2,174.14 1 0
github.com/json-iterator/go/iter.go:177.2,178.13 2 0
github.com/json-iterator/go/iter.go:171.14,173.3 1 0
github.com/json-iterator/go/iter.go:174.14,176.3 1 0
github.com/json-iterator/go/iter.go:181.40,183.6 1 1
github.com/json-iterator/go/iter.go:183.6,184.42 1 1
github.com/json-iterator/go/iter.go:193.3,193.23 1 1
github.com/json-iterator/go/iter.go:184.42,186.13 2 1
github.com/json-iterator/go/iter.go:190.4,191.12 2 1
github.com/json-iterator/go/iter.go:187.31,188.13 1 1
github.com/json-iterator/go/iter.go:193.23,195.4 1 1
github.com/json-iterator/go/iter.go:200.65,201.23 1 0
github.com/json-iterator/go/iter.go:206.2,207.19 2 0
github.com/json-iterator/go/iter.go:210.2,211.25 2 0
github.com/json-iterator/go/iter.go:214.2,216.22 3 0
github.com/json-iterator/go/iter.go:219.2,220.28 2 0
github.com/json-iterator/go/iter.go:223.2,225.57 2 0
github.com/json-iterator/go/iter.go:201.23,202.27 1 0
github.com/json-iterator/go/iter.go:202.27,204.4 1 0
github.com/json-iterator/go/iter.go:207.19,209.3 1 0
github.com/json-iterator/go/iter.go:211.25,213.3 1 0
github.com/json-iterator/go/iter.go:216.22,218.3 1 0
github.com/json-iterator/go/iter.go:220.28,222.3 1 0
github.com/json-iterator/go/iter.go:229.46,231.19 2 0
github.com/json-iterator/go/iter.go:234.2,235.72 1 0
github.com/json-iterator/go/iter.go:231.19,233.3 1 0
github.com/json-iterator/go/iter.go:238.45,239.28 1 0
github.com/json-iterator/go/iter.go:247.2,249.12 3 0
github.com/json-iterator/go/iter.go:239.28,240.22 1 0
github.com/json-iterator/go/iter.go:245.3,245.11 1 0
github.com/json-iterator/go/iter.go:240.22,244.4 3 0
github.com/json-iterator/go/iter.go:252.39,253.24 1 1
github.com/json-iterator/go/iter.go:260.2,260.26 1 0
github.com/json-iterator/go/iter.go:265.2,265.6 1 0
github.com/json-iterator/go/iter.go:253.24,254.24 1 1
github.com/json-iterator/go/iter.go:258.3,258.15 1 1
github.com/json-iterator/go/iter.go:254.24,257.4 2 1
github.com/json-iterator/go/iter.go:260.26,264.3 2 0
github.com/json-iterator/go/iter.go:265.6,267.13 2 0
github.com/json-iterator/go/iter.go:267.13,268.18 1 0
github.com/json-iterator/go/iter.go:268.18,269.26 1 0
github.com/json-iterator/go/iter.go:272.5,272.17 1 0
github.com/json-iterator/go/iter.go:269.26,271.6 1 0
github.com/json-iterator/go/iter.go:274.9,278.4 3 0
github.com/json-iterator/go/iter.go:282.36,283.23 1 1
github.com/json-iterator/go/iter.go:286.2,287.8 2 1
github.com/json-iterator/go/iter.go:283.23,285.3 1 0
github.com/json-iterator/go/iter.go:291.42,293.19 2 0
github.com/json-iterator/go/iter.go:294.19,295.27 1 0
github.com/json-iterator/go/iter.go:296.19,297.44 1 0
github.com/json-iterator/go/iter.go:300.3,300.28 1 0
github.com/json-iterator/go/iter.go:301.16,303.13 2 0
github.com/json-iterator/go/iter.go:304.17,305.25 1 0
github.com/json-iterator/go/iter.go:306.18,308.46 2 0
github.com/json-iterator/go/iter.go:314.3,314.13 1 0
github.com/json-iterator/go/iter.go:315.19,317.58 2 0
github.com/json-iterator/go/iter.go:323.3,323.13 1 0
github.com/json-iterator/go/iter.go:324.10,326.13 2 0
github.com/json-iterator/go/iter.go:297.44,299.4 1 0
github.com/json-iterator/go/iter.go:308.46,313.4 4 0
github.com/json-iterator/go/iter.go:317.58,322.4 4 0
github.com/json-iterator/go/iter.go:333.55,335.28 2 1
github.com/json-iterator/go/iter.go:338.2,339.14 2 0
github.com/json-iterator/go/iter.go:335.28,337.3 1 1
github.com/json-iterator/go/iter.go:342.55,344.21 2 1
github.com/json-iterator/go/iter.go:347.2,348.14 2 0
github.com/json-iterator/go/iter.go:344.21,346.3 1 1
github.com/json-iterator/go/iter_skip_strict.go:10.36,11.27 1 1
github.com/json-iterator/go/iter_skip_strict.go:11.27,13.48 2 1
github.com/json-iterator/go/iter_skip_strict.go:16.3,17.48 2 1
github.com/json-iterator/go/iter_skip_strict.go:13.48,15.4 1 0
github.com/json-iterator/go/iter_skip_strict.go:17.48,20.4 2 0
github.com/json-iterator/go/iter_skip_strict.go:24.44,26.41 2 1
github.com/json-iterator/go/iter_skip_strict.go:58.2,58.14 1 0
github.com/json-iterator/go/iter_skip_strict.go:26.41,28.12 2 1
github.com/json-iterator/go/iter_skip_strict.go:29.57,29.57 0 0
github.com/json-iterator/go/iter_skip_strict.go:30.12,31.16 1 0
github.com/json-iterator/go/iter_skip_strict.go:35.4,35.24 1 0
github.com/json-iterator/go/iter_skip_strict.go:38.4,39.13 2 0
github.com/json-iterator/go/iter_skip_strict.go:45.4,45.19 1 0
github.com/json-iterator/go/iter_skip_strict.go:46.11,47.13 1 1
github.com/json-iterator/go/iter_skip_strict.go:55.4,55.16 1 0
github.com/json-iterator/go/iter_skip_strict.go:31.16,34.5 2 0
github.com/json-iterator/go/iter_skip_strict.go:35.24,37.5 1 0
github.com/json-iterator/go/iter_skip_strict.go:40.58,40.58 0 0
github.com/json-iterator/go/iter_skip_strict.go:41.12,43.16 2 0
github.com/json-iterator/go/iter_skip_strict.go:48.46,49.23 1 1
github.com/json-iterator/go/iter_skip_strict.go:52.5,53.16 2 0
github.com/json-iterator/go/iter_skip_strict.go:49.23,51.6 1 1
github.com/json-iterator/go/iter_skip_strict.go:61.36,62.27 1 1
github.com/json-iterator/go/iter_skip_strict.go:62.27,65.3 2 0
github.com/json-iterator/go/iter_skip_strict.go:68.44,69.41 1 1
github.com/json-iterator/go/iter_skip_strict.go:82.2,82.14 1 0
github.com/json-iterator/go/iter_skip_strict.go:69.41,71.15 2 1
github.com/json-iterator/go/iter_skip_strict.go:71.15,74.4 2 1
github.com/json-iterator/go/iter_skip_strict.go:74.9,74.23 1 1
github.com/json-iterator/go/iter_skip_strict.go:74.23,76.4 1 0
github.com/json-iterator/go/iter_skip_strict.go:76.9,76.21 1 1
github.com/json-iterator/go/iter_skip_strict.go:76.21,80.4 2 0
github.com/json-iterator/go/iter_skip_strict.go:85.36,87.60 2 0
github.com/json-iterator/go/iter_skip_strict.go:87.60,90.3 2 0
github.com/json-iterator/go/iter_skip_strict.go:93.35,95.45 2 1
github.com/json-iterator/go/iter_skip_strict.go:95.45,98.3 2 1
github.com/json-iterator/go/reflect_native.go:14.68,15.92 1 1
github.com/json-iterator/go/reflect_native.go:19.2,21.14 3 1
github.com/json-iterator/go/reflect_native.go:107.2,107.12 1 1
github.com/json-iterator/go/reflect_native.go:15.92,18.3 2 0
github.com/json-iterator/go/reflect_native.go:22.22,23.27 1 1
github.com/json-iterator/go/reflect_native.go:26.3,26.24 1 1
github.com/json-iterator/go/reflect_native.go:27.19,28.24 1 1
github.com/json-iterator/go/reflect_native.go:31.3,31.28 1 1
github.com/json-iterator/go/reflect_native.go:34.3,34.23 1 1
github.com/json-iterator/go/reflect_native.go:35.20,36.25 1 0
github.com/json-iterator/go/reflect_native.go:39.3,39.22 1 0
github.com/json-iterator/go/reflect_native.go:40.21,41.26 1 0
github.com/json-iterator/go/reflect_native.go:44.3,44.23 1 0
github.com/json-iterator/go/reflect_native.go:45.21,46.26 1 0
github.com/json-iterator/go/reflect_native.go:49.3,49.23 1 0
github.com/json-iterator/go/reflect_native.go:50.21,51.26 1 0
github.com/json-iterator/go/reflect_native.go:54.3,54.23 1 0
github.com/json-iterator/go/reflect_native.go:55.20,56.25 1 0
github.com/json-iterator/go/reflect_native.go:59.3,59.28 1 0
github.com/json-iterator/go/reflect_native.go:62.3,62.24 1 0
github.com/json-iterator/go/reflect_native.go:63.21,64.26 1 0
github.com/json-iterator/go/reflect_native.go:67.3,67.23 1 0
github.com/json-iterator/go/reflect_native.go:68.22,69.27 1 0
github.com/json-iterator/go/reflect_native.go:72.3,72.24 1 0
github.com/json-iterator/go/reflect_native.go:73.22,74.27 1 0
github.com/json-iterator/go/reflect_native.go:77.3,77.24 1 0
github.com/json-iterator/go/reflect_native.go:78.23,79.28 1 0
github.com/json-iterator/go/reflect_native.go:82.3,82.20 1 0
github.com/json-iterator/go/reflect_native.go:85.3,85.24 1 0
github.com/json-iterator/go/reflect_native.go:86.22,87.27 1 0
github.com/json-iterator/go/reflect_native.go:90.3,90.24 1 0
github.com/json-iterator/go/reflect_native.go:91.23,92.28 1 0
github.com/json-iterator/go/reflect_native.go:95.3,95.25 1 0
github.com/json-iterator/go/reflect_native.go:96.23,97.28 1 0
github.com/json-iterator/go/reflect_native.go:100.3,100.25 1 0
github.com/json-iterator/go/reflect_native.go:101.20,102.25 1 0
github.com/json-iterator/go/reflect_native.go:105.3,105.22 1 0
github.com/json-iterator/go/reflect_native.go:23.27,25.4 1 0
github.com/json-iterator/go/reflect_native.go:28.24,30.4 1 0
github.com/json-iterator/go/reflect_native.go:31.28,33.4 1 0
github.com/json-iterator/go/reflect_native.go:36.25,38.4 1 0
github.com/json-iterator/go/reflect_native.go:41.26,43.4 1 0
github.com/json-iterator/go/reflect_native.go:46.26,48.4 1 0
github.com/json-iterator/go/reflect_native.go:51.26,53.4 1 0
github.com/json-iterator/go/reflect_native.go:56.25,58.4 1 0
github.com/json-iterator/go/reflect_native.go:59.28,61.4 1 0
github.com/json-iterator/go/reflect_native.go:64.26,66.4 1 0
github.com/json-iterator/go/reflect_native.go:69.27,71.4 1 0
github.com/json-iterator/go/reflect_native.go:74.27,76.4 1 0
github.com/json-iterator/go/reflect_native.go:79.28,81.4 1 0
github.com/json-iterator/go/reflect_native.go:82.20,84.4 1 0
github.com/json-iterator/go/reflect_native.go:87.27,89.4 1 0
github.com/json-iterator/go/reflect_native.go:92.28,94.4 1 0
github.com/json-iterator/go/reflect_native.go:97.28,99.4 1 0
github.com/json-iterator/go/reflect_native.go:102.25,104.4 1 0
github.com/json-iterator/go/reflect_native.go:110.68,111.92 1 1
github.com/json-iterator/go/reflect_native.go:115.2,116.20 2 1
github.com/json-iterator/go/reflect_native.go:202.2,202.12 1 1
github.com/json-iterator/go/reflect_native.go:111.92,114.3 2 0
github.com/json-iterator/go/reflect_native.go:117.22,118.27 1 1
github.com/json-iterator/go/reflect_native.go:121.3,121.24 1 1
github.com/json-iterator/go/reflect_native.go:122.19,123.24 1 1
github.com/json-iterator/go/reflect_native.go:126.3,126.28 1 1
github.com/json-iterator/go/reflect_native.go:129.3,129.23 1 1
github.com/json-iterator/go/reflect_native.go:130.20,131.25 1 0
github.com/json-iterator/go/reflect_native.go:134.3,134.22 1 0
github.com/json-iterator/go/reflect_native.go:135.21,136.26 1 0
github.com/json-iterator/go/reflect_native.go:139.3,139.23 1 0
github.com/json-iterator/go/reflect_native.go:140.21,141.26 1 0
github.com/json-iterator/go/reflect_native.go:144.3,144.23 1 0
github.com/json-iterator/go/reflect_native.go:145.21,146.26 1 0
github.com/json-iterator/go/reflect_native.go:149.3,149.23 1 0
github.com/json-iterator/go/reflect_native.go:150.20,151.25 1 0
github.com/json-iterator/go/reflect_native.go:154.3,154.28 1 0
github.com/json-iterator/go/reflect_native.go:157.3,157.24 1 0
github.com/json-iterator/go/reflect_native.go:158.21,159.26 1 0
github.com/json-iterator/go/reflect_native.go:162.3,162.23 1 0
github.com/json-iterator/go/reflect_native.go:163.22,164.27 1 0
github.com/json-iterator/go/reflect_native.go:167.3,167.24 1 0
github.com/json-iterator/go/reflect_native.go:168.22,169.27 1 0
github.com/json-iterator/go/reflect_native.go:172.3,172.24 1 0
github.com/json-iterator/go/reflect_native.go:173.23,174.28 1 0
github.com/json-iterator/go/reflect_native.go:177.3,177.20 1 0
github.com/json-iterator/go/reflect_native.go:180.3,180.24 1 0
github.com/json-iterator/go/reflect_native.go:181.22,182.27 1 0
github.com/json-iterator/go/reflect_native.go:185.3,185.24 1 0
github.com/json-iterator/go/reflect_native.go:186.23,187.28 1 0
github.com/json-iterator/go/reflect_native.go:190.3,190.25 1 0
github.com/json-iterator/go/reflect_native.go:191.23,192.28 1 0
github.com/json-iterator/go/reflect_native.go:195.3,195.25 1 0
github.com/json-iterator/go/reflect_native.go:196.20,197.25 1 0
github.com/json-iterator/go/reflect_native.go:200.3,200.22 1 0
github.com/json-iterator/go/reflect_native.go:118.27,120.4 1 0
github.com/json-iterator/go/reflect_native.go:123.24,125.4 1 0
github.com/json-iterator/go/reflect_native.go:126.28,128.4 1 0
github.com/json-iterator/go/reflect_native.go:131.25,133.4 1 0
github.com/json-iterator/go/reflect_native.go:136.26,138.4 1 0
github.com/json-iterator/go/reflect_native.go:141.26,143.4 1 0
github.com/json-iterator/go/reflect_native.go:146.26,148.4 1 0
github.com/json-iterator/go/reflect_native.go:151.25,153.4 1 0
github.com/json-iterator/go/reflect_native.go:154.28,156.4 1 0
github.com/json-iterator/go/reflect_native.go:159.26,161.4 1 0
github.com/json-iterator/go/reflect_native.go:164.27,166.4 1 0
github.com/json-iterator/go/reflect_native.go:169.27,171.4 1 0
github.com/json-iterator/go/reflect_native.go:174.28,176.4 1 0
github.com/json-iterator/go/reflect_native.go:177.20,179.4 1 0
github.com/json-iterator/go/reflect_native.go:182.27,184.4 1 0
github.com/json-iterator/go/reflect_native.go:187.28,189.4 1 0
github.com/json-iterator/go/reflect_native.go:192.28,194.4 1 0
github.com/json-iterator/go/reflect_native.go:197.25,199.4 1 0
github.com/json-iterator/go/reflect_native.go:208.70,210.2 1 1
github.com/json-iterator/go/reflect_native.go:212.70,215.2 2 1
github.com/json-iterator/go/reflect_native.go:217.60,219.2 1 0
github.com/json-iterator/go/reflect_native.go:224.68,225.21 1 0
github.com/json-iterator/go/reflect_native.go:225.21,227.3 1 0
github.com/json-iterator/go/reflect_native.go:230.68,232.2 1 0
github.com/json-iterator/go/reflect_native.go:234.58,236.2 1 0
github.com/json-iterator/go/reflect_native.go:241.69,242.21 1 0
github.com/json-iterator/go/reflect_native.go:242.21,244.3 1 0
github.com/json-iterator/go/reflect_native.go:247.69,249.2 1 0
github.com/json-iterator/go/reflect_native.go:251.59,253.2 1 0
github.com/json-iterator/go/reflect_native.go:258.69,259.21 1 0
github.com/json-iterator/go/reflect_native.go:259.21,261.3 1 0
github.com/json-iterator/go/reflect_native.go:264.69,266.2 1 0
github.com/json-iterator/go/reflect_native.go:268.59,270.2 1 0
github.com/json-iterator/go/reflect_native.go:275.69,276.21 1 0
github.com/json-iterator/go/reflect_native.go:276.21,278.3 1 0
github.com/json-iterator/go/reflect_native.go:281.69,283.2 1 1
github.com/json-iterator/go/reflect_native.go:285.59,287.2 1 0
github.com/json-iterator/go/reflect_native.go:292.69,293.21 1 0
github.com/json-iterator/go/reflect_native.go:293.21,295.3 1 0
github.com/json-iterator/go/reflect_native.go:298.69,300.2 1 0
github.com/json-iterator/go/reflect_native.go:302.59,304.2 1 0
github.com/json-iterator/go/reflect_native.go:309.70,310.21 1 0
github.com/json-iterator/go/reflect_native.go:310.21,312.3 1 0
github.com/json-iterator/go/reflect_native.go:315.70,317.2 1 0
github.com/json-iterator/go/reflect_native.go:319.60,321.2 1 0
github.com/json-iterator/go/reflect_native.go:326.70,327.21 1 0
github.com/json-iterator/go/reflect_native.go:327.21,329.3 1 0
github.com/json-iterator/go/reflect_native.go:332.70,334.2 1 0
github.com/json-iterator/go/reflect_native.go:336.60,338.2 1 0
github.com/json-iterator/go/reflect_native.go:343.70,344.21 1 0
github.com/json-iterator/go/reflect_native.go:344.21,346.3 1 0
github.com/json-iterator/go/reflect_native.go:349.70,351.2 1 0
github.com/json-iterator/go/reflect_native.go:353.60,355.2 1 0
github.com/json-iterator/go/reflect_native.go:360.71,361.21 1 0
github.com/json-iterator/go/reflect_native.go:361.21,363.3 1 0
github.com/json-iterator/go/reflect_native.go:366.71,368.2 1 0
github.com/json-iterator/go/reflect_native.go:370.61,372.2 1 0
github.com/json-iterator/go/reflect_native.go:377.71,378.21 1 0
github.com/json-iterator/go/reflect_native.go:378.21,380.3 1 0
github.com/json-iterator/go/reflect_native.go:383.71,385.2 1 0
github.com/json-iterator/go/reflect_native.go:387.61,389.2 1 0
github.com/json-iterator/go/reflect_native.go:394.68,395.21 1 0
github.com/json-iterator/go/reflect_native.go:395.21,397.3 1 0
github.com/json-iterator/go/reflect_native.go:400.68,402.2 1 0
github.com/json-iterator/go/reflect_native.go:404.58,406.2 1 0
github.com/json-iterator/go/reflect_native.go:413.70,414.20 1 0
github.com/json-iterator/go/reflect_native.go:418.2,418.27 1 0
github.com/json-iterator/go/reflect_native.go:414.20,417.3 2 0
github.com/json-iterator/go/reflect_native.go:419.19,422.17 3 0
github.com/json-iterator/go/reflect_native.go:427.18,428.39 1 0
github.com/json-iterator/go/reflect_native.go:429.10,430.51 1 0
github.com/json-iterator/go/reflect_native.go:422.17,424.4 1 0
github.com/json-iterator/go/reflect_native.go:424.9,426.4 1 0
github.com/json-iterator/go/reflect_native.go:434.70,435.38 1 0
github.com/json-iterator/go/reflect_native.go:439.2,442.19 4 0
github.com/json-iterator/go/reflect_native.go:448.2,448.23 1 0
github.com/json-iterator/go/reflect_native.go:435.38,438.3 2 0
github.com/json-iterator/go/reflect_native.go:442.19,447.3 4 0
github.com/json-iterator/go/reflect_native.go:451.60,453.2 1 0
github.com/json-iterator/go/reflect.go:44.36,45.27 1 1
github.com/json-iterator/go/reflect.go:49.2,49.37 1 1
github.com/json-iterator/go/reflect.go:45.27,48.3 1 0
github.com/json-iterator/go/reflect.go:52.42,59.2 1 1
github.com/json-iterator/go/reflect.go:62.48,66.20 4 1
github.com/json-iterator/go/reflect.go:74.2,75.16 2 1
github.com/json-iterator/go/reflect.go:79.2,80.25 2 1
github.com/json-iterator/go/reflect.go:66.20,68.46 2 1
github.com/json-iterator/go/reflect.go:72.3,72.36 1 1
github.com/json-iterator/go/reflect.go:68.46,71.4 2 0
github.com/json-iterator/go/reflect.go:75.16,78.3 2 0
github.com/json-iterator/go/reflect.go:80.25,83.3 2 0
github.com/json-iterator/go/reflect.go:87.49,88.16 1 1
github.com/json-iterator/go/reflect.go:92.2,94.20 3 1
github.com/json-iterator/go/reflect.go:98.2,98.45 1 1
github.com/json-iterator/go/reflect.go:88.16,91.3 2 0
github.com/json-iterator/go/reflect.go:94.20,97.3 2 1
github.com/json-iterator/go/reflect.go:101.66,104.20 3 1
github.com/json-iterator/go/reflect.go:107.2,116.16 5 1
github.com/json-iterator/go/reflect.go:104.20,106.3 1 0
github.com/json-iterator/go/reflect.go:119.60,121.20 2 1
github.com/json-iterator/go/reflect.go:124.2,125.39 2 1
github.com/json-iterator/go/reflect.go:128.2,129.48 2 1
github.com/json-iterator/go/reflect.go:132.2,132.16 1 1
github.com/json-iterator/go/reflect.go:121.20,123.3 1 0
github.com/json-iterator/go/reflect.go:125.39,127.3 1 0
github.com/json-iterator/go/reflect.go:129.48,131.3 1 0
github.com/json-iterator/go/reflect.go:135.66,137.20 2 1
github.com/json-iterator/go/reflect.go:140.2,144.16 5 1
github.com/json-iterator/go/reflect.go:137.20,139.3 1 1
github.com/json-iterator/go/reflect.go:147.67,149.20 2 1
github.com/json-iterator/go/reflect.go:152.2,153.20 2 1
github.com/json-iterator/go/reflect.go:156.2,157.20 2 1
github.com/json-iterator/go/reflect.go:160.2,161.20 2 1
github.com/json-iterator/go/reflect.go:164.2,165.20 2 1
github.com/json-iterator/go/reflect.go:168.2,168.20 1 1
github.com/json-iterator/go/reflect.go:149.20,151.3 1 0
github.com/json-iterator/go/reflect.go:153.20,155.3 1 0
github.com/json-iterator/go/reflect.go:157.20,159.3 1 0
github.com/json-iterator/go/reflect.go:161.20,163.3 1 0
github.com/json-iterator/go/reflect.go:165.20,167.3 1 1
github.com/json-iterator/go/reflect.go:169.25,171.14 2 0
github.com/json-iterator/go/reflect.go:174.3,174.25 1 0
github.com/json-iterator/go/reflect.go:175.22,176.35 1 1
github.com/json-iterator/go/reflect.go:177.21,178.34 1 0
github.com/json-iterator/go/reflect.go:179.21,180.34 1 1
github.com/json-iterator/go/reflect.go:181.19,182.32 1 1
github.com/json-iterator/go/reflect.go:183.19,184.37 1 0
github.com/json-iterator/go/reflect.go:185.10,186.98 1 0
github.com/json-iterator/go/reflect.go:171.14,173.4 1 0
github.com/json-iterator/go/reflect.go:190.66,193.20 3 1
github.com/json-iterator/go/reflect.go:196.2,203.19 3 1
github.com/json-iterator/go/reflect.go:206.2,207.16 2 1
github.com/json-iterator/go/reflect.go:193.20,195.3 1 0
github.com/json-iterator/go/reflect.go:203.19,205.3 1 1
github.com/json-iterator/go/reflect.go:214.64,216.2 1 0
github.com/json-iterator/go/reflect.go:218.74,220.2 1 1
github.com/json-iterator/go/reflect.go:222.60,224.20 2 1
github.com/json-iterator/go/reflect.go:227.2,228.39 2 1
github.com/json-iterator/go/reflect.go:231.2,232.48 2 1
github.com/json-iterator/go/reflect.go:235.2,235.16 1 1
github.com/json-iterator/go/reflect.go:224.20,226.3 1 1
github.com/json-iterator/go/reflect.go:228.39,230.3 1 0
github.com/json-iterator/go/reflect.go:232.48,234.3 1 0
github.com/json-iterator/go/reflect.go:238.66,240.20 2 1
github.com/json-iterator/go/reflect.go:243.2,247.16 5 1
github.com/json-iterator/go/reflect.go:240.20,242.3 1 1
github.com/json-iterator/go/reflect.go:249.67,251.20 2 1
github.com/json-iterator/go/reflect.go:254.2,255.20 2 1
github.com/json-iterator/go/reflect.go:258.2,259.20 2 1
github.com/json-iterator/go/reflect.go:262.2,263.20 2 1
github.com/json-iterator/go/reflect.go:266.2,267.20 2 1
github.com/json-iterator/go/reflect.go:270.2,271.14 2 1
github.com/json-iterator/go/reflect.go:251.20,253.3 1 0
github.com/json-iterator/go/reflect.go:255.20,257.3 1 0
github.com/json-iterator/go/reflect.go:259.20,261.3 1 0
github.com/json-iterator/go/reflect.go:263.20,265.3 1 0
github.com/json-iterator/go/reflect.go:267.20,269.3 1 1
github.com/json-iterator/go/reflect.go:272.25,273.30 1 0
github.com/json-iterator/go/reflect.go:274.22,275.35 1 1
github.com/json-iterator/go/reflect.go:276.21,277.34 1 0
github.com/json-iterator/go/reflect.go:278.21,279.34 1 1
github.com/json-iterator/go/reflect.go:280.19,281.32 1 1
github.com/json-iterator/go/reflect.go:282.19,283.37 1 0
github.com/json-iterator/go/reflect.go:284.10,285.98 1 0
github.com/json-iterator/go/reflect.go:293.77,294.35 1 0
github.com/json-iterator/go/reflect.go:294.35,295.24 1 0
github.com/json-iterator/go/reflect.go:295.24,297.4 1 0
github.com/json-iterator/go/reflect.go:298.8,300.3 1 0
github.com/json-iterator/go/reflect.go:307.77,308.16 1 0
github.com/json-iterator/go/reflect.go:308.16,310.3 1 0
github.com/json-iterator/go/reflect.go:310.8,310.32 1 0
github.com/json-iterator/go/reflect.go:310.32,312.3 1 0
github.com/json-iterator/go/reflect.go:315.67,317.2 1 0
github.com/json-iterator/go/reflect.go:323.79,325.2 1 1
github.com/json-iterator/go/reflect.go:331.79,333.2 1 1
github.com/json-iterator/go/reflect.go:335.69,337.2 1 0
github.com/json-iterator/go/reflect_slice.go:10.61,14.2 3 1
github.com/json-iterator/go/reflect_slice.go:16.61,20.2 3 1
github.com/json-iterator/go/reflect_slice.go:27.73,28.40 1 1
github.com/json-iterator/go/reflect_slice.go:32.2,33.17 2 1
github.com/json-iterator/go/reflect_slice.go:37.2,39.30 3 1
github.com/json-iterator/go/reflect_slice.go:44.2,45.51 2 1
github.com/json-iterator/go/reflect_slice.go:28.40,31.3 2 0
github.com/json-iterator/go/reflect_slice.go:33.17,36.3 2 0
github.com/json-iterator/go/reflect_slice.go:39.30,43.3 3 1
github.com/json-iterator/go/reflect_slice.go:45.51,47.3 1 0
github.com/json-iterator/go/reflect_slice.go:50.63,52.2 1 0
github.com/json-iterator/go/reflect_slice.go:59.73,61.47 2 1
github.com/json-iterator/go/reflect_slice.go:61.47,63.3 1 0
github.com/json-iterator/go/reflect_slice.go:66.75,69.14 3 1
github.com/json-iterator/go/reflect_slice.go:74.2,74.14 1 1
github.com/json-iterator/go/reflect_slice.go:78.2,79.14 2 1
github.com/json-iterator/go/reflect_slice.go:83.2,88.59 6 1
github.com/json-iterator/go/reflect_slice.go:95.2,95.14 1 1
github.com/json-iterator/go/reflect_slice.go:69.14,73.3 3 0
github.com/json-iterator/go/reflect_slice.go:74.14,77.3 2 0
github.com/json-iterator/go/reflect_slice.go:79.14,82.3 2 0
github.com/json-iterator/go/reflect_slice.go:88.59,94.3 5 1
github.com/json-iterator/go/reflect_slice.go:95.14,98.3 2 0
github.com/json-iterator/go/reflect_struct_encoder.go:11.62,19.50 4 1
github.com/json-iterator/go/reflect_struct_encoder.go:34.2,34.31 1 1
github.com/json-iterator/go/reflect_struct_encoder.go:37.2,38.44 2 1
github.com/json-iterator/go/reflect_struct_encoder.go:46.2,46.48 1 1
github.com/json-iterator/go/reflect_struct_encoder.go:19.50,20.42 1 1
github.com/json-iterator/go/reflect_struct_encoder.go:20.42,25.40 2 1
github.com/json-iterator/go/reflect_struct_encoder.go:31.4,31.50 1 1
github.com/json-iterator/go/reflect_struct_encoder.go:25.40,26.29 1 1
github.com/json-iterator/go/reflect_struct_encoder.go:29.5,29.98 1 0
github.com/json-iterator/go/reflect_struct_encoder.go:26.29,27.14 1 1
github.com/json-iterator/go/reflect_struct_encoder.go:34.31,36.3 1 0
github.com/json-iterator/go/reflect_struct_encoder.go:38.44,39.25 1 1
github.com/json-iterator/go/reflect_struct_encoder.go:39.25,44.4 1 1
github.com/json-iterator/go/reflect_struct_encoder.go:49.67,51.20 2 0
github.com/json-iterator/go/reflect_struct_encoder.go:54.2,55.14 2 0
github.com/json-iterator/go/reflect_struct_encoder.go:51.20,53.3 1 0
github.com/json-iterator/go/reflect_struct_encoder.go:56.25,57.30 1 0
github.com/json-iterator/go/reflect_struct_encoder.go:58.22,59.34 1 0
github.com/json-iterator/go/reflect_struct_encoder.go:60.21,61.25 1 0
github.com/json-iterator/go/reflect_struct_encoder.go:62.21,63.25 1 0
github.com/json-iterator/go/reflect_struct_encoder.go:64.19,65.32 1 0
github.com/json-iterator/go/reflect_struct_encoder.go:66.19,67.28 1 0
github.com/json-iterator/go/reflect_struct_encoder.go:68.10,69.73 1 0
github.com/json-iterator/go/reflect_struct_encoder.go:73.95,76.15 3 0
github.com/json-iterator/go/reflect_struct_encoder.go:76.15,77.16 1 0
github.com/json-iterator/go/reflect_struct_encoder.go:77.16,78.41 1 0
github.com/json-iterator/go/reflect_struct_encoder.go:78.41,80.5 1 0
github.com/json-iterator/go/reflect_struct_encoder.go:80.10,80.48 1 0
github.com/json-iterator/go/reflect_struct_encoder.go:80.48,82.5 1 0
github.com/json-iterator/go/reflect_struct_encoder.go:82.10,84.5 1 0
github.com/json-iterator/go/reflect_struct_encoder.go:85.9,87.4 1 0
github.com/json-iterator/go/reflect_struct_encoder.go:88.8,89.16 1 0
github.com/json-iterator/go/reflect_struct_encoder.go:92.3,92.40 1 0
github.com/json-iterator/go/reflect_struct_encoder.go:89.16,91.4 1 0
github.com/json-iterator/go/reflect_struct_encoder.go:92.40,94.4 1 0
github.com/json-iterator/go/reflect_struct_encoder.go:94.9,94.47 1 0
github.com/json-iterator/go/reflect_struct_encoder.go:94.47,96.4 1 0
github.com/json-iterator/go/reflect_struct_encoder.go:96.9,98.4 1 0
github.com/json-iterator/go/reflect_struct_encoder.go:108.79,111.51 3 1
github.com/json-iterator/go/reflect_struct_encoder.go:111.51,113.3 1 0
github.com/json-iterator/go/reflect_struct_encoder.go:116.69,119.2 2 0
github.com/json-iterator/go/reflect_struct_encoder.go:121.78,123.16 2 1
github.com/json-iterator/go/reflect_struct_encoder.go:126.2,127.52 2 0
github.com/json-iterator/go/reflect_struct_encoder.go:123.16,125.3 1 1
github.com/json-iterator/go/reflect_struct_encoder.go:144.74,147.39 3 1
github.com/json-iterator/go/reflect_struct_encoder.go:161.2,162.51 2 1
github.com/json-iterator/go/reflect_struct_encoder.go:147.39,148.60 1 1
github.com/json-iterator/go/reflect_struct_encoder.go:151.3,151.42 1 1
github.com/json-iterator/go/reflect_struct_encoder.go:154.3,154.17 1 1
github.com/json-iterator/go/reflect_struct_encoder.go:157.3,159.20 3 1
github.com/json-iterator/go/reflect_struct_encoder.go:148.60,149.12 1 0
github.com/json-iterator/go/reflect_struct_encoder.go:151.42,152.12 1 0
github.com/json-iterator/go/reflect_struct_encoder.go:154.17,156.4 1 1
github.com/json-iterator/go/reflect_struct_encoder.go:162.51,164.3 1 0
github.com/json-iterator/go/reflect_struct_encoder.go:167.64,169.2 1 0
github.com/json-iterator/go/reflect_struct_encoder.go:174.79,176.2 1 0
github.com/json-iterator/go/reflect_struct_encoder.go:178.69,180.2 1 0
github.com/json-iterator/go/reflect_struct_encoder.go:186.84,190.2 3 0
github.com/json-iterator/go/reflect_struct_encoder.go:192.74,194.2 1 0
github.com/json-iterator/go/reflect_struct_encoder.go:201.84,207.2 5 0
github.com/json-iterator/go/reflect_struct_encoder.go:209.74,211.2 1 0
github.com/json-iterator/go/any_bool.go:7.39,9.2 1 0
github.com/json-iterator/go/any_bool.go:11.35,13.2 1 0
github.com/json-iterator/go/any_bool.go:15.33,17.2 1 0
github.com/json-iterator/go/any_bool.go:19.37,21.2 1 0
github.com/json-iterator/go/any_bool.go:23.37,25.2 1 0
github.com/json-iterator/go/any_bool.go:27.35,29.2 1 0
github.com/json-iterator/go/any_bool.go:31.39,33.2 1 0
github.com/json-iterator/go/any_bool.go:35.39,37.2 1 0
github.com/json-iterator/go/any_bool.go:39.41,41.2 1 0
github.com/json-iterator/go/any_bool.go:43.41,45.2 1 0
github.com/json-iterator/go/any_bool.go:47.39,49.2 1 0
github.com/json-iterator/go/any_bool.go:51.45,53.2 1 0
github.com/json-iterator/go/any_bool.go:55.39,57.2 1 0
github.com/json-iterator/go/any_bool.go:59.48,61.2 1 0
github.com/json-iterator/go/any_bool.go:63.43,65.2 1 0
github.com/json-iterator/go/any_bool.go:67.39,69.2 1 0
github.com/json-iterator/go/any_bool.go:75.40,77.2 1 0
github.com/json-iterator/go/any_bool.go:79.36,81.2 1 0
github.com/json-iterator/go/any_bool.go:83.34,85.2 1 0
github.com/json-iterator/go/any_bool.go:87.38,89.2 1 0
github.com/json-iterator/go/any_bool.go:91.38,93.2 1 0
github.com/json-iterator/go/any_bool.go:95.36,97.2 1 0
github.com/json-iterator/go/any_bool.go:99.40,101.2 1 0
github.com/json-iterator/go/any_bool.go:103.40,105.2 1 0
github.com/json-iterator/go/any_bool.go:107.42,109.2 1 0
github.com/json-iterator/go/any_bool.go:111.42,113.2 1 0
github.com/json-iterator/go/any_bool.go:115.40,117.2 1 0
github.com/json-iterator/go/any_bool.go:119.46,121.2 1 0
github.com/json-iterator/go/any_bool.go:123.40,125.2 1 0
github.com/json-iterator/go/any_bool.go:127.49,129.2 1 0
github.com/json-iterator/go/any_bool.go:131.44,133.2 1 0
github.com/json-iterator/go/any_bool.go:135.40,137.2 1 0
github.com/json-iterator/go/any_str.go:13.52,14.20 1 0
github.com/json-iterator/go/any_str.go:17.2,17.82 1 0
github.com/json-iterator/go/any_str.go:14.20,16.3 1 0
github.com/json-iterator/go/any_str.go:20.41,22.2 1 0
github.com/json-iterator/go/any_str.go:24.45,26.2 1 0
github.com/json-iterator/go/any_str.go:28.41,30.2 1 0
github.com/json-iterator/go/any_str.go:32.41,34.2 1 0
github.com/json-iterator/go/any_str.go:36.37,38.16 2 0
github.com/json-iterator/go/any_str.go:41.2,41.24 1 0
github.com/json-iterator/go/any_str.go:48.2,48.14 1 0
github.com/json-iterator/go/any_str.go:38.16,40.3 1 0
github.com/json-iterator/go/any_str.go:41.24,42.12 1 0
github.com/json-iterator/go/any_str.go:43.30,43.30 0 0
github.com/json-iterator/go/any_str.go:44.11,45.15 1 0
github.com/json-iterator/go/any_str.go:51.35,54.2 1 0
github.com/json-iterator/go/any_str.go:56.39,58.2 1 0
github.com/json-iterator/go/any_str.go:60.39,61.19 1 0
github.com/json-iterator/go/any_str.go:65.2,67.44 3 0
github.com/json-iterator/go/any_str.go:71.2,71.23 1 0
github.com/json-iterator/go/any_str.go:75.2,76.43 2 0
github.com/json-iterator/go/any_str.go:83.2,84.29 2 0
github.com/json-iterator/go/any_str.go:61.19,63.3 1 0
github.com/json-iterator/go/any_str.go:67.44,69.3 1 0
github.com/json-iterator/go/any_str.go:71.23,73.3 1 0
github.com/json-iterator/go/any_str.go:76.43,77.45 1 0
github.com/json-iterator/go/any_str.go:77.45,79.4 1 0
github.com/json-iterator/go/any_str.go:79.9,80.9 1 0
github.com/json-iterator/go/any_str.go:87.37,89.2 1 0
github.com/json-iterator/go/any_str.go:91.41,93.2 1 0
github.com/json-iterator/go/any_str.go:95.41,96.19 1 0
github.com/json-iterator/go/any_str.go:100.2,102.23 2 0
github.com/json-iterator/go/any_str.go:105.2,105.23 1 0
github.com/json-iterator/go/any_str.go:109.2,110.43 2 0
github.com/json-iterator/go/any_str.go:117.2,118.15 2 0
github.com/json-iterator/go/any_str.go:96.19,98.3 1 0
github.com/json-iterator/go/any_str.go:102.23,104.3 1 0
github.com/json-iterator/go/any_str.go:105.23,107.3 1 0
github.com/json-iterator/go/any_str.go:110.43,111.45 1 0
github.com/json-iterator/go/any_str.go:111.45,113.4 1 0
github.com/json-iterator/go/any_str.go:113.9,114.9 1 0
github.com/json-iterator/go/any_str.go:121.43,123.2 1 0
github.com/json-iterator/go/any_str.go:125.43,126.23 1 0
github.com/json-iterator/go/any_str.go:131.2,131.86 1 0
github.com/json-iterator/go/any_str.go:137.2,138.36 2 0
github.com/json-iterator/go/any_str.go:152.2,153.15 2 0
github.com/json-iterator/go/any_str.go:126.23,128.3 1 0
github.com/json-iterator/go/any_str.go:131.86,133.3 1 0
github.com/json-iterator/go/any_str.go:138.36,139.108 1 0
github.com/json-iterator/go/any_str.go:145.3,145.45 1 0
github.com/json-iterator/go/any_str.go:139.108,141.12 2 0
github.com/json-iterator/go/any_str.go:145.45,147.4 1 0
github.com/json-iterator/go/any_str.go:147.9,149.9 2 0
github.com/json-iterator/go/any_str.go:156.41,158.2 1 1
github.com/json-iterator/go/any_str.go:160.47,162.2 1 0
github.com/json-iterator/go/any_str.go:164.50,166.2 1 0
github.com/json-iterator/go/iter_str.go:9.49,11.14 2 1
github.com/json-iterator/go/iter_str.go:31.2,32.8 2 0
github.com/json-iterator/go/iter_str.go:11.14,12.42 1 1
github.com/json-iterator/go/iter_str.go:26.3,26.35 1 0
github.com/json-iterator/go/iter_str.go:12.42,14.16 2 1
github.com/json-iterator/go/iter_str.go:14.16,18.5 3 1
github.com/json-iterator/go/iter_str.go:18.10,18.24 1 1
github.com/json-iterator/go/iter_str.go:18.24,19.10 1 0
github.com/json-iterator/go/iter_str.go:20.10,20.22 1 1
github.com/json-iterator/go/iter_str.go:20.22,24.5 2 0
github.com/json-iterator/go/iter_str.go:27.8,27.21 1 0
github.com/json-iterator/go/iter_str.go:27.21,30.3 2 0
github.com/json-iterator/go/iter_str.go:35.57,38.24 3 0
github.com/json-iterator/go/iter_str.go:50.2,51.8 2 0
github.com/json-iterator/go/iter_str.go:38.24,40.15 2 0
github.com/json-iterator/go/iter_str.go:43.3,43.16 1 0
github.com/json-iterator/go/iter_str.go:40.15,42.4 1 0
github.com/json-iterator/go/iter_str.go:43.16,46.4 2 0
github.com/json-iterator/go/iter_str.go:46.9,48.4 1 0
github.com/json-iterator/go/iter_str.go:54.66,55.11 1 0
github.com/json-iterator/go/iter_str.go:111.2,111.12 1 0
github.com/json-iterator/go/iter_str.go:56.11,58.27 2 0
github.com/json-iterator/go/iter_str.go:90.11,91.25 1 0
github.com/json-iterator/go/iter_str.go:92.12,93.26 1 0
github.com/json-iterator/go/iter_str.go:94.11,95.25 1 0
github.com/json-iterator/go/iter_str.go:96.11,97.26 1 0
github.com/json-iterator/go/iter_str.go:98.11,99.26 1 0
github.com/json-iterator/go/iter_str.go:100.11,101.26 1 0
github.com/json-iterator/go/iter_str.go:102.11,103.26 1 0
github.com/json-iterator/go/iter_str.go:104.11,105.26 1 0
github.com/json-iterator/go/iter_str.go:106.10,109.13 2 0
github.com/json-iterator/go/iter_str.go:58.27,60.25 2 0
github.com/json-iterator/go/iter_str.go:63.4,63.17 1 0
github.com/json-iterator/go/iter_str.go:68.4,69.25 2 0
github.com/json-iterator/go/iter_str.go:72.4,72.16 1 0
github.com/json-iterator/go/iter_str.go:76.4,77.25 2 0
github.com/json-iterator/go/iter_str.go:80.4,81.28 2 0
github.com/json-iterator/go/iter_str.go:60.25,62.5 1 0
github.com/json-iterator/go/iter_str.go:63.17,67.5 3 0
github.com/json-iterator/go/iter_str.go:69.25,71.5 1 0
github.com/json-iterator/go/iter_str.go:72.16,75.5 2 0
github.com/json-iterator/go/iter_str.go:77.25,79.5 1 0
github.com/json-iterator/go/iter_str.go:81.28,84.5 2 0
github.com/json-iterator/go/iter_str.go:84.10,86.5 1 0
github.com/json-iterator/go/iter_str.go:87.9,89.4 1 0
github.com/json-iterator/go/iter_str.go:116.56,118.14 2 1
github.com/json-iterator/go/iter_str.go:142.2,143.8 2 0
github.com/json-iterator/go/iter_str.go:118.14,119.42 1 1
github.com/json-iterator/go/iter_str.go:129.3,133.25 5 0
github.com/json-iterator/go/iter_str.go:140.3,140.16 1 0
github.com/json-iterator/go/iter_str.go:119.42,122.26 1 1
github.com/json-iterator/go/iter_str.go:122.26,127.5 3 1
github.com/json-iterator/go/iter_str.go:133.25,135.16 2 0
github.com/json-iterator/go/iter_str.go:138.4,138.30 1 0
github.com/json-iterator/go/iter_str.go:135.16,137.5 1 0
github.com/json-iterator/go/iter_str.go:146.43,147.25 1 0
github.com/json-iterator/go/iter_str.go:163.2,163.12 1 0
github.com/json-iterator/go/iter_str.go:147.25,149.24 2 0
github.com/json-iterator/go/iter_str.go:152.3,152.27 1 0
github.com/json-iterator/go/iter_str.go:149.24,151.4 1 0
github.com/json-iterator/go/iter_str.go:152.27,154.4 1 0
github.com/json-iterator/go/iter_str.go:154.9,154.34 1 0
github.com/json-iterator/go/iter_str.go:154.34,156.4 1 0
github.com/json-iterator/go/iter_str.go:156.9,156.34 1 0
github.com/json-iterator/go/iter_str.go:156.34,158.4 1 0
github.com/json-iterator/go/iter_str.go:158.9,161.4 2 0
github.com/json-iterator/go/iter_str.go:190.42,192.25 1 0
github.com/json-iterator/go/iter_str.go:193.21,195.11 2 0
github.com/json-iterator/go/iter_str.go:196.21,199.11 3 0
github.com/json-iterator/go/iter_str.go:200.59,202.14 2 0
github.com/json-iterator/go/iter_str.go:203.21,207.11 4 0
github.com/json-iterator/go/iter_str.go:208.10,213.11 5 0
github.com/json-iterator/go/reflect_dynamic.go:13.75,16.2 2 0
github.com/json-iterator/go/reflect_dynamic.go:18.65,20.2 1 0
github.com/json-iterator/go/reflect_dynamic.go:25.73,28.16 3 0
github.com/json-iterator/go/reflect_dynamic.go:32.2,33.31 2 0
github.com/json-iterator/go/reflect_dynamic.go:37.2,39.35 3 0
github.com/json-iterator/go/reflect_dynamic.go:46.2,46.25 1 0
github.com/json-iterator/go/reflect_dynamic.go:52.2,52.19 1 0
github.com/json-iterator/go/reflect_dynamic.go:28.16,31.3 2 0
github.com/json-iterator/go/reflect_dynamic.go:33.31,36.3 2 0
github.com/json-iterator/go/reflect_dynamic.go:39.35,40.40 1 0
github.com/json-iterator/go/reflect_dynamic.go:40.40,44.4 3 0
github.com/json-iterator/go/reflect_dynamic.go:46.25,51.3 4 0
github.com/json-iterator/go/reflect_dynamic.go:59.73,60.20 1 0
github.com/json-iterator/go/reflect_dynamic.go:64.2,65.25 2 0
github.com/json-iterator/go/reflect_dynamic.go:69.2,69.19 1 0
github.com/json-iterator/go/reflect_dynamic.go:60.20,63.3 2 0
github.com/json-iterator/go/reflect_dynamic.go:65.25,68.3 2 0
github.com/json-iterator/go/reflect_map.go:12.59,23.2 4 1
github.com/json-iterator/go/reflect_map.go:25.59,27.21 2 1
github.com/json-iterator/go/reflect_map.go:34.2,38.3 1 1
github.com/json-iterator/go/reflect_map.go:27.21,33.3 1 0
github.com/json-iterator/go/reflect_map.go:41.62,43.20 2 1
github.com/json-iterator/go/reflect_map.go:46.2,46.48 1 1
github.com/json-iterator/go/reflect_map.go:53.2,54.41 2 1
github.com/json-iterator/go/reflect_map.go:61.2,61.37 1 1
github.com/json-iterator/go/reflect_map.go:66.2,66.45 1 1
github.com/json-iterator/go/reflect_map.go:73.2,73.41 1 1
github.com/json-iterator/go/reflect_map.go:79.2,79.20 1 0
github.com/json-iterator/go/reflect_map.go:43.20,45.3 1 0
github.com/json-iterator/go/reflect_map.go:46.48,48.21 2 0
github.com/json-iterator/go/reflect_map.go:48.21,50.4 1 0
github.com/json-iterator/go/reflect_map.go:54.41,60.3 1 0
github.com/json-iterator/go/reflect_map.go:61.37,65.3 1 0
github.com/json-iterator/go/reflect_map.go:66.45,72.3 1 0
github.com/json-iterator/go/reflect_map.go:73.41,77.3 1 1
github.com/json-iterator/go/reflect_map.go:80.22,81.72 1 0
github.com/json-iterator/go/reflect_map.go:89.19,91.56 2 0
github.com/json-iterator/go/reflect_map.go:92.10,93.81 1 0
github.com/json-iterator/go/reflect_map.go:97.62,99.20 2 1
github.com/json-iterator/go/reflect_map.go:102.2,102.48 1 1
github.com/json-iterator/go/reflect_map.go:109.2,109.30 1 1
github.com/json-iterator/go/reflect_map.go:114.2,114.39 1 1
github.com/json-iterator/go/reflect_map.go:121.2,121.20 1 0
github.com/json-iterator/go/reflect_map.go:99.20,101.3 1 0
github.com/json-iterator/go/reflect_map.go:102.48,104.21 2 0
github.com/json-iterator/go/reflect_map.go:104.21,106.4 1 0
[...]
github.com/json-iterator/go/stream_str.go:368.2,368.20 1 0
github.com/json-iterator/go/stream_str.go:371.2,371.23 1 0
github.com/json-iterator/go/stream_str.go:334.17,335.35 1 0
github.com/json-iterator/go/stream_str.go:365.3,366.11 2 0
github.com/json-iterator/go/stream_str.go:335.35,336.18 1 0
github.com/json-iterator/go/stream_str.go:340.4,340.17 1 0
github.com/json-iterator/go/stream_str.go:343.4,343.13 1 0
github.com/json-iterator/go/stream_str.go:361.4,363.12 3 0
github.com/json-iterator/go/stream_str.go:336.18,338.13 2 0
github.com/json-iterator/go/stream_str.go:340.17,342.5 1 0
github.com/json-iterator/go/stream_str.go:344.19,345.34 1 0
github.com/json-iterator/go/stream_str.go:346.14,347.36 1 0
github.com/json-iterator/go/stream_str.go:348.14,349.36 1 0
github.com/json-iterator/go/stream_str.go:350.14,351.36 1 0
github.com/json-iterator/go/stream_str.go:352.12,359.48 2 0
github.com/json-iterator/go/stream_str.go:368.20,370.3 1 0
github.com/json-iterator/go/any_float.go:12.40,14.2 1 0
github.com/json-iterator/go/any_float.go:16.44,18.2 1 0
github.com/json-iterator/go/any_float.go:20.40,22.2 1 0
github.com/json-iterator/go/any_float.go:24.40,26.2 1 0
github.com/json-iterator/go/any_float.go:28.36,30.2 1 0
github.com/json-iterator/go/any_float.go:32.34,34.2 1 0
github.com/json-iterator/go/any_float.go:36.38,38.2 1 0
github.com/json-iterator/go/any_float.go:40.38,42.2 1 0
github.com/json-iterator/go/any_float.go:44.36,45.17 1 0
github.com/json-iterator/go/any_float.go:48.2,48.10 1 0
github.com/json-iterator/go/any_float.go:45.17,47.3 1 0
github.com/json-iterator/go/any_float.go:51.40,52.17 1 0
github.com/json-iterator/go/any_float.go:55.2,55.10 1 0
github.com/json-iterator/go/any_float.go:52.17,54.3 1 0
github.com/json-iterator/go/any_float.go:58.40,59.17 1 0
github.com/json-iterator/go/any_float.go:62.2,62.10 1 0
github.com/json-iterator/go/any_float.go:59.17,61.3 1 0
github.com/json-iterator/go/any_float.go:65.42,67.2 1 0
github.com/json-iterator/go/any_float.go:69.42,71.2 1 0
github.com/json-iterator/go/any_float.go:73.40,75.2 1 0
github.com/json-iterator/go/any_float.go:77.46,79.2 1 0
github.com/json-iterator/go/any_float.go:81.49,83.2 1 0
github.com/json-iterator/go/any_invalid.go:10.52,12.2 1 0
github.com/json-iterator/go/any_invalid.go:14.42,16.2 1 0
github.com/json-iterator/go/any_invalid.go:18.46,20.2 1 0
github.com/json-iterator/go/any_invalid.go:22.42,23.16 1 0
github.com/json-iterator/go/any_invalid.go:26.38,28.2 1 0
github.com/json-iterator/go/any_invalid.go:30.36,32.2 1 0
github.com/json-iterator/go/any_invalid.go:34.40,36.2 1 0
github.com/json-iterator/go/any_invalid.go:38.40,40.2 1 0
github.com/json-iterator/go/any_invalid.go:42.38,44.2 1 0
github.com/json-iterator/go/any_invalid.go:46.42,48.2 1 0
github.com/json-iterator/go/any_invalid.go:50.42,52.2 1 0
github.com/json-iterator/go/any_invalid.go:54.44,56.2 1 0
github.com/json-iterator/go/any_invalid.go:58.44,60.2 1 0
github.com/json-iterator/go/any_invalid.go:62.42,64.2 1 0
github.com/json-iterator/go/any_invalid.go:66.49,67.2 0 0
github.com/json-iterator/go/any_invalid.go:69.53,70.20 1 0
github.com/json-iterator/go/any_invalid.go:73.2,73.85 1 0
github.com/json-iterator/go/any_invalid.go:70.20,72.3 1 0
github.com/json-iterator/go/any_invalid.go:76.42,78.2 1 0
github.com/json-iterator/go/any_invalid.go:80.51,82.2 1 0
github.com/json-iterator/go/any_object.go:15.49,17.2 1 0
github.com/json-iterator/go/any_object.go:19.45,21.2 1 0
github.com/json-iterator/go/any_object.go:23.45,25.2 1 0
github.com/json-iterator/go/any_object.go:27.41,29.2 1 0
github.com/json-iterator/go/any_object.go:31.39,33.2 1 0
github.com/json-iterator/go/any_object.go:35.43,37.2 1 0
github.com/json-iterator/go/any_object.go:39.43,41.2 1 0
github.com/json-iterator/go/any_object.go:43.41,45.2 1 0
github.com/json-iterator/go/any_object.go:47.45,49.2 1 0
github.com/json-iterator/go/any_object.go:51.45,53.2 1 0
github.com/json-iterator/go/any_object.go:55.47,57.2 1 0
github.com/json-iterator/go/any_object.go:59.47,61.2 1 0
github.com/json-iterator/go/any_object.go:63.45,65.2 1 0
github.com/json-iterator/go/any_object.go:67.50,71.2 3 0
github.com/json-iterator/go/any_object.go:73.56,74.20 1 0
github.com/json-iterator/go/any_object.go:77.2,77.37 1 0
github.com/json-iterator/go/any_object.go:74.20,76.3 1 0
github.com/json-iterator/go/any_object.go:78.14,82.24 4 0
github.com/json-iterator/go/any_object.go:85.3,86.36 2 0
github.com/json-iterator/go/any_object.go:87.13,88.23 1 0
github.com/json-iterator/go/any_object.go:101.3,101.29 1 0
github.com/json-iterator/go/any_object.go:102.10,103.29 1 0
github.com/json-iterator/go/any_object.go:82.24,84.4 1 0
github.com/json-iterator/go/any_object.go:88.23,92.59 4 0
github.com/json-iterator/go/any_object.go:99.4,99.29 1 0
github.com/json-iterator/go/any_object.go:92.59,94.43 2 0
github.com/json-iterator/go/any_object.go:97.5,97.16 1 0
github.com/json-iterator/go/any_object.go:94.43,96.6 1 0
github.com/json-iterator/go/any_object.go:107.43,111.57 4 0
github.com/json-iterator/go/any_object.go:116.2,116.13 1 0
github.com/json-iterator/go/any_object.go:111.57,115.3 3 0
github.com/json-iterator/go/any_object.go:119.38,123.60 4 0
github.com/json-iterator/go/any_object.go:128.2,128.13 1 0
github.com/json-iterator/go/any_object.go:123.60,127.3 3 0
github.com/json-iterator/go/any_object.go:131.51,133.2 1 0
github.com/json-iterator/go/any_object.go:135.54,139.2 3 0
github.com/json-iterator/go/any_object.go:147.45,149.2 1 0
github.com/json-iterator/go/any_object.go:151.45,153.2 1 0
github.com/json-iterator/go/any_object.go:155.41,157.2 1 0
github.com/json-iterator/go/any_object.go:159.41,161.2 1 0
github.com/json-iterator/go/any_object.go:163.41,165.2 1 0
github.com/json-iterator/go/any_object.go:167.37,169.2 1 0
github.com/json-iterator/go/any_object.go:171.35,173.2 1 0
github.com/json-iterator/go/any_object.go:175.39,177.2 1 0
github.com/json-iterator/go/any_object.go:179.39,181.2 1 0
github.com/json-iterator/go/any_object.go:183.37,185.2 1 0
github.com/json-iterator/go/any_object.go:187.41,189.2 1 0
github.com/json-iterator/go/any_object.go:191.41,193.2 1 0
github.com/json-iterator/go/any_object.go:195.43,197.2 1 0
github.com/json-iterator/go/any_object.go:199.43,201.2 1 0
github.com/json-iterator/go/any_object.go:203.41,207.2 3 0
github.com/json-iterator/go/any_object.go:209.52,210.20 1 0
github.com/json-iterator/go/any_object.go:213.2,213.37 1 0
github.com/json-iterator/go/any_object.go:210.20,212.3 1 0
github.com/json-iterator/go/any_object.go:214.14,216.23 2 0
github.com/json-iterator/go/any_object.go:219.3,219.33 1 0
github.com/json-iterator/go/any_object.go:220.13,221.23 1 0
github.com/json-iterator/go/any_object.go:234.3,234.29 1 0
github.com/json-iterator/go/any_object.go:235.10,236.29 1 0
github.com/json-iterator/go/any_object.go:216.23,218.4 1 0
github.com/json-iterator/go/any_object.go:221.23,223.44 2 0
github.com/json-iterator/go/any_object.go:232.4,232.29 1 0
github.com/json-iterator/go/any_object.go:223.44,225.29 2 0
github.com/json-iterator/go/any_object.go:225.29,227.44 2 0
github.com/json-iterator/go/any_object.go:227.44,229.7 1 0
github.com/json-iterator/go/any_object.go:240.39,242.42 2 0
github.com/json-iterator/go/any_object.go:245.2,245.13 1 0
github.com/json-iterator/go/any_object.go:242.42,244.3 1 0
github.com/json-iterator/go/any_object.go:248.34,250.2 1 0
github.com/json-iterator/go/any_object.go:252.47,254.2 1 0
github.com/json-iterator/go/any_object.go:256.50,258.2 1 0
github.com/json-iterator/go/any_object.go:266.39,268.2 1 0
github.com/json-iterator/go/any_object.go:270.42,272.2 1 0
github.com/json-iterator/go/any_object.go:274.38,276.2 1 0
github.com/json-iterator/go/any_object.go:278.38,280.2 1 0
github.com/json-iterator/go/any_object.go:282.38,284.2 1 0
github.com/json-iterator/go/any_object.go:286.34,288.2 1 0
github.com/json-iterator/go/any_object.go:290.32,292.2 1 0
github.com/json-iterator/go/any_object.go:294.36,296.2 1 0
github.com/json-iterator/go/any_object.go:298.36,300.2 1 0
github.com/json-iterator/go/any_object.go:302.34,304.2 1 0
github.com/json-iterator/go/any_object.go:306.38,308.2 1 0
github.com/json-iterator/go/any_object.go:310.38,312.2 1 0
github.com/json-iterator/go/any_object.go:314.40,316.2 1 0
github.com/json-iterator/go/any_object.go:318.40,320.2 1 0
github.com/json-iterator/go/any_object.go:322.38,326.2 3 0
github.com/json-iterator/go/any_object.go:328.49,329.20 1 0
github.com/json-iterator/go/any_object.go:332.2,332.37 1 0
github.com/json-iterator/go/any_object.go:329.20,331.3 1 0
github.com/json-iterator/go/any_object.go:333.13,334.23 1 0
github.com/json-iterator/go/any_object.go:346.3,346.29 1 0
github.com/json-iterator/go/any_object.go:347.10,349.23 2 0
github.com/json-iterator/go/any_object.go:352.3,352.33 1 0
github.com/json-iterator/go/any_object.go:334.23,336.42 2 0
github.com/json-iterator/go/any_object.go:344.4,344.29 1 0
github.com/json-iterator/go/any_object.go:336.42,340.43 4 0
github.com/json-iterator/go/any_object.go:340.43,342.6 1 0
github.com/json-iterator/go/any_object.go:349.23,351.4 1 0
github.com/json-iterator/go/any_object.go:356.36,358.40 2 0
github.com/json-iterator/go/any_object.go:361.2,361.13 1 0
github.com/json-iterator/go/any_object.go:358.40,360.3 1 0
github.com/json-iterator/go/any_object.go:364.31,366.2 1 0
github.com/json-iterator/go/any_object.go:368.44,370.2 1 0
github.com/json-iterator/go/any_object.go:372.47,374.2 1 0
github.com/json-iterator/go/stream_float.go:11.13,13.2 1 1
github.com/json-iterator/go/stream_float.go:16.49,17.61 1 0
github.com/json-iterator/go/stream_float.go:21.2,24.14 3 0
github.com/json-iterator/go/stream_float.go:29.2,29.73 1 0
github.com/json-iterator/go/stream_float.go:17.61,20.3 2 0
github.com/json-iterator/go/stream_float.go:24.14,25.50 1 0
github.com/json-iterator/go/stream_float.go:25.50,27.4 1 0
github.com/json-iterator/go/stream_float.go:33.54,34.61 1 0
github.com/json-iterator/go/stream_float.go:38.2,38.13 1 0
github.com/json-iterator/go/stream_float.go:42.2,42.21 1 0
github.com/json-iterator/go/stream_float.go:46.2,51.15 6 0
github.com/json-iterator/go/stream_float.go:54.2,55.56 2 0
github.com/json-iterator/go/stream_float.go:58.2,59.43 2 0
github.com/json-iterator/go/stream_float.go:34.61,37.3 2 0
github.com/json-iterator/go/stream_float.go:38.13,41.3 2 0
github.com/json-iterator/go/stream_float.go:42.21,45.3 2 0
github.com/json-iterator/go/stream_float.go:51.15,53.3 1 0
github.com/json-iterator/go/stream_float.go:55.56,57.3 1 0
github.com/json-iterator/go/stream_float.go:59.43,61.3 1 0
github.com/json-iterator/go/stream_float.go:65.49,66.43 1 0
github.com/json-iterator/go/stream_float.go:70.2,73.14 3 0
github.com/json-iterator/go/stream_float.go:78.2,78.73 1 0
github.com/json-iterator/go/stream_float.go:66.43,69.3 2 0
github.com/json-iterator/go/stream_float.go:73.14,74.32 1 0
github.com/json-iterator/go/stream_float.go:74.32,76.4 1 0
github.com/json-iterator/go/stream_float.go:82.54,83.43 1 0
github.com/json-iterator/go/stream_float.go:87.2,87.13 1 0
github.com/json-iterator/go/stream_float.go:91.2,91.21 1 0
github.com/json-iterator/go/stream_float.go:95.2,100.15 6 0
github.com/json-iterator/go/stream_float.go:103.2,104.56 2 0
github.com/json-iterator/go/stream_float.go:107.2,108.43 2 0
github.com/json-iterator/go/stream_float.go:83.43,86.3 2 0
github.com/json-iterator/go/stream_float.go:87.13,90.3 2 0
github.com/json-iterator/go/stream_float.go:91.21,94.3 2 0
github.com/json-iterator/go/stream_float.go:100.15,102.3 1 0
github.com/json-iterator/go/stream_float.go:104.56,106.3 1 0
github.com/json-iterator/go/stream_float.go:108.43,110.3 1 0
github.com/json-iterator/go/stream_int.go:5.13,7.36 2 1
github.com/json-iterator/go/stream_int.go:7.36,9.13 2 1
github.com/json-iterator/go/stream_int.go:9.13,11.4 1 1
github.com/json-iterator/go/stream_int.go:11.9,11.21 1 1
github.com/json-iterator/go/stream_int.go:11.21,13.4 1 1
github.com/json-iterator/go/stream_int.go:17.51,19.16 2 1
github.com/json-iterator/go/stream_int.go:24.2,25.14 2 1
github.com/json-iterator/go/stream_int.go:19.16,21.3 1 0
github.com/json-iterator/go/stream_int.go:21.8,21.23 1 1
github.com/json-iterator/go/stream_int.go:21.23,23.3 1 0
github.com/json-iterator/go/stream_int.go:28.44,30.2 1 0
github.com/json-iterator/go/stream_int.go:33.45,35.2 1 0
github.com/json-iterator/go/stream_int.go:38.44,40.14 2 0
github.com/json-iterator/go/stream_int.go:46.2,46.53 1 0
github.com/json-iterator/go/stream_int.go:40.14,43.3 2 0
github.com/json-iterator/go/stream_int.go:43.8,45.3 1 0
github.com/json-iterator/go/stream_int.go:50.47,52.13 2 0
github.com/json-iterator/go/stream_int.go:56.2,59.8 4 0
github.com/json-iterator/go/stream_int.go:52.13,55.3 2 0
github.com/json-iterator/go/stream_int.go:63.46,65.14 2 0
github.com/json-iterator/go/stream_int.go:71.2,71.25 1 0
github.com/json-iterator/go/stream_int.go:65.14,68.3 2 0
github.com/json-iterator/go/stream_int.go:68.8,70.3 1 0
github.com/json-iterator/go/stream_int.go:75.47,77.13 2 0
github.com/json-iterator/go/stream_int.go:81.2,83.13 3 0
github.com/json-iterator/go/stream_int.go:88.2,90.13 3 0
github.com/json-iterator/go/stream_int.go:97.2,98.47 2 0
github.com/json-iterator/go/stream_int.go:77.13,80.3 2 0
github.com/json-iterator/go/stream_int.go:83.13,87.3 3 0
github.com/json-iterator/go/stream_int.go:90.13,92.3 1 0
github.com/json-iterator/go/stream_int.go:92.8,96.3 3 0
github.com/json-iterator/go/stream_int.go:102.46,104.14 2 0
github.com/json-iterator/go/stream_int.go:110.2,110.25 1 0
github.com/json-iterator/go/stream_int.go:104.14,107.3 2 0
github.com/json-iterator/go/stream_int.go:107.8,109.3 1 0
github.com/json-iterator/go/stream_int.go:114.47,116.13 2 1
github.com/json-iterator/go/stream_int.go:120.2,122.13 3 0
github.com/json-iterator/go/stream_int.go:127.2,129.13 3 0
github.com/json-iterator/go/stream_int.go:135.2,137.13 3 0
github.com/json-iterator/go/stream_int.go:144.2,146.13 3 0
github.com/json-iterator/go/stream_int.go:154.2,156.13 3 0
github.com/json-iterator/go/stream_int.go:163.2,167.47 5 0
github.com/json-iterator/go/stream_int.go:116.13,119.3 2 1
github.com/json-iterator/go/stream_int.go:122.13,126.3 3 0
github.com/json-iterator/go/stream_int.go:129.13,134.3 4 0
github.com/json-iterator/go/stream_int.go:137.13,143.3 5 0
github.com/json-iterator/go/stream_int.go:146.13,153.3 6 0
github.com/json-iterator/go/stream_int.go:156.13,158.3 1 0
github.com/json-iterator/go/stream_int.go:158.8,162.3 3 0
github.com/json-iterator/go/stream_int.go:171.46,173.14 2 1
github.com/json-iterator/go/stream_int.go:179.2,179.25 1 1
github.com/json-iterator/go/stream_int.go:173.14,176.3 2 0
github.com/json-iterator/go/stream_int.go:176.8,178.3 1 1
github.com/json-iterator/go/stream_int.go:183.41,185.2 1 1
github.com/json-iterator/go/stream_int.go:188.43,190.2 1 0
github.com/json-iterator/go/iter_array.go:4.46,6.11 2 0
github.com/json-iterator/go/iter_array.go:7.11,9.15 2 0
github.com/json-iterator/go/iter_array.go:10.11,12.15 2 0
github.com/json-iterator/go/iter_array.go:16.3,16.15 1 0
github.com/json-iterator/go/iter_array.go:17.11,18.15 1 0
github.com/json-iterator/go/iter_array.go:19.11,20.14 1 0
github.com/json-iterator/go/iter_array.go:21.10,23.9 2 0
github.com/json-iterator/go/iter_array.go:12.15,15.4 2 0
github.com/json-iterator/go/iter_array.go:28.77,30.14 2 1
github.com/json-iterator/go/iter_array.go:58.2,58.14 1 0
github.com/json-iterator/go/iter_array.go:62.2,63.14 2 0
github.com/json-iterator/go/iter_array.go:30.14,31.29 1 1
github.com/json-iterator/go/iter_array.go:34.3,35.15 2 1
github.com/json-iterator/go/iter_array.go:56.3,56.31 1 0
github.com/json-iterator/go/iter_array.go:31.29,33.4 1 0
github.com/json-iterator/go/iter_array.go:35.15,37.23 2 1
github.com/json-iterator/go/iter_array.go:41.4,42.17 2 1
github.com/json-iterator/go/iter_array.go:49.4,49.16 1 1
github.com/json-iterator/go/iter_array.go:54.4,54.32 1 1
github.com/json-iterator/go/iter_array.go:37.23,40.5 2 1
github.com/json-iterator/go/iter_array.go:42.17,43.24 1 1
github.com/json-iterator/go/iter_array.go:47.5,47.25 1 1
github.com/json-iterator/go/iter_array.go:43.24,46.6 2 0
github.com/json-iterator/go/iter_array.go:49.16,53.5 3 0
github.com/json-iterator/go/iter_array.go:58.14,61.3 2 0
github.com/json-iterator/go/reflect_array.go:10.61,14.2 3 0
github.com/json-iterator/go/reflect_array.go:16.61,18.26 2 0
github.com/json-iterator/go/reflect_array.go:21.2,22.42 2 0
github.com/json-iterator/go/reflect_array.go:18.26,20.3 1 0
github.com/json-iterator/go/reflect_array.go:27.77,29.2 1 0
github.com/json-iterator/go/reflect_array.go:31.67,33.2 1 0
github.com/json-iterator/go/reflect_array.go:40.73,44.47 4 0
github.com/json-iterator/go/reflect_array.go:49.2,50.51 2 0
github.com/json-iterator/go/reflect_array.go:44.47,48.3 3 0
github.com/json-iterator/go/reflect_array.go:50.51,52.3 1 0
github.com/json-iterator/go/reflect_array.go:55.63,57.2 1 0
github.com/json-iterator/go/reflect_array.go:64.73,66.47 2 0
github.com/json-iterator/go/reflect_array.go:66.47,68.3 1 0
github.com/json-iterator/go/reflect_array.go:71.75,74.14 3 0
github.com/json-iterator/go/reflect_array.go:78.2,78.14 1 0
github.com/json-iterator/go/reflect_array.go:82.2,83.14 2 0
github.com/json-iterator/go/reflect_array.go:86.2,90.59 5 0
github.com/json-iterator/go/reflect_array.go:100.2,100.14 1 0
github.com/json-iterator/go/reflect_array.go:74.14,77.3 2 0
github.com/json-iterator/go/reflect_array.go:78.14,81.3 2 0
github.com/json-iterator/go/reflect_array.go:83.14,85.3 1 0
github.com/json-iterator/go/reflect_array.go:90.59,91.32 1 0
github.com/json-iterator/go/reflect_array.go:95.3,98.44 4 0
github.com/json-iterator/go/reflect_array.go:91.32,93.12 2 0
github.com/json-iterator/go/reflect_array.go:100.14,103.3 2 0
github.com/json-iterator/go/reflect_json_number.go:13.33,13.53 1 0
github.com/json-iterator/go/reflect_json_number.go:16.44,18.2 1 0
github.com/json-iterator/go/reflect_json_number.go:21.40,23.2 1 0
github.com/json-iterator/go/reflect_json_number.go:25.53,26.32 1 0
github.com/json-iterator/go/reflect_json_number.go:32.2,32.18 1 0
github.com/json-iterator/go/reflect_json_number.go:27.19,28.32 1 0
github.com/json-iterator/go/reflect_json_number.go:29.14,30.32 1 0
github.com/json-iterator/go/reflect_json_number.go:38.72,39.38 1 1
github.com/json-iterator/go/reflect_json_number.go:42.2,42.42 1 1
github.com/json-iterator/go/reflect_json_number.go:45.2,45.12 1 1
github.com/json-iterator/go/reflect_json_number.go:39.38,41.3 1 0
github.com/json-iterator/go/reflect_json_number.go:42.42,44.3 1 0
github.com/json-iterator/go/reflect_json_number.go:48.72,49.38 1 1
github.com/json-iterator/go/reflect_json_number.go:52.2,52.42 1 1
github.com/json-iterator/go/reflect_json_number.go:55.2,55.12 1 1
github.com/json-iterator/go/reflect_json_number.go:49.38,51.3 1 0
github.com/json-iterator/go/reflect_json_number.go:52.42,54.3 1 0
github.com/json-iterator/go/reflect_json_number.go:61.74,62.27 1 0
github.com/json-iterator/go/reflect_json_number.go:63.19,64.58 1 0
github.com/json-iterator/go/reflect_json_number.go:65.16,67.30 2 0
github.com/json-iterator/go/reflect_json_number.go:68.10,69.74 1 0
github.com/json-iterator/go/reflect_json_number.go:73.74,75.22 2 0
github.com/json-iterator/go/reflect_json_number.go:75.22,77.3 1 0
github.com/json-iterator/go/reflect_json_number.go:77.8,79.3 1 0
github.com/json-iterator/go/reflect_json_number.go:82.64,84.2 1 0
github.com/json-iterator/go/reflect_json_number.go:89.78,90.27 1 0
github.com/json-iterator/go/reflect_json_number.go:91.19,92.48 1 0
github.com/json-iterator/go/reflect_json_number.go:93.16,95.25 2 0
github.com/json-iterator/go/reflect_json_number.go:96.10,97.64 1 0
github.com/json-iterator/go/reflect_json_number.go:101.78,103.22 2 0
github.com/json-iterator/go/reflect_json_number.go:103.22,105.3 1 0
github.com/json-iterator/go/reflect_json_number.go:105.8,107.3 1 0
github.com/json-iterator/go/reflect_json_number.go:110.68,112.2 1 0
